{"C:\\Users\\HP\\Desktop\\CreatorApp\\CreatorNexus\\CreatorNexus\\client\\src\\App.tsx": {"path":"C:\\Users\\HP\\Desktop\\CreatorApp\\CreatorNexus\\CreatorNexus\\client\\src\\App.tsx","statementMap":{"0":{"start":{"line":1,"column":0},"end":{"line":1,"column":39}},"1":{"start":{"line":2,"column":0},"end":{"line":2,"column":39}},"2":{"start":{"line":3,"column":0},"end":{"line":3,"column":48}},"3":{"start":{"line":4,"column":0},"end":{"line":4,"column":60}},"4":{"start":{"line":5,"column":0},"end":{"line":5,"column":50}},"5":{"start":{"line":6,"column":0},"end":{"line":6,"column":58}},"6":{"start":{"line":7,"column":0},"end":{"line":7,"column":42}},"7":{"start":{"line":10,"column":16},"end":{"line":10,"column":53}},"8":{"start":{"line":10,"column":26},"end":{"line":10,"column":52}},"9":{"start":{"line":11,"column":14},"end":{"line":11,"column":49}},"10":{"start":{"line":11,"column":24},"end":{"line":11,"column":48}},"11":{"start":{"line":12,"column":18},"end":{"line":12,"column":57}},"12":{"start":{"line":12,"column":28},"end":{"line":12,"column":56}},"13":{"start":{"line":13,"column":22},"end":{"line":13,"column":66}},"14":{"start":{"line":13,"column":32},"end":{"line":13,"column":65}},"15":{"start":{"line":14,"column":22},"end":{"line":14,"column":66}},"16":{"start":{"line":14,"column":32},"end":{"line":14,"column":65}},"17":{"start":{"line":15,"column":20},"end":{"line":15,"column":62}},"18":{"start":{"line":15,"column":30},"end":{"line":15,"column":61}},"19":{"start":{"line":16,"column":18},"end":{"line":16,"column":57}},"20":{"start":{"line":16,"column":28},"end":{"line":16,"column":56}},"21":{"start":{"line":17,"column":18},"end":{"line":17,"column":57}},"22":{"start":{"line":17,"column":28},"end":{"line":17,"column":56}},"23":{"start":{"line":18,"column":18},"end":{"line":18,"column":57}},"24":{"start":{"line":18,"column":28},"end":{"line":18,"column":56}},"25":{"start":{"line":19,"column":17},"end":{"line":19,"column":55}},"26":{"start":{"line":19,"column":27},"end":{"line":19,"column":54}},"27":{"start":{"line":20,"column":21},"end":{"line":20,"column":64}},"28":{"start":{"line":20,"column":31},"end":{"line":20,"column":63}},"29":{"start":{"line":21,"column":22},"end":{"line":21,"column":66}},"30":{"start":{"line":21,"column":32},"end":{"line":21,"column":65}},"31":{"start":{"line":22,"column":17},"end":{"line":22,"column":56}},"32":{"start":{"line":22,"column":27},"end":{"line":22,"column":55}},"33":{"start":{"line":23,"column":22},"end":{"line":23,"column":65}},"34":{"start":{"line":23,"column":32},"end":{"line":23,"column":64}},"35":{"start":{"line":24,"column":15},"end":{"line":24,"column":51}},"36":{"start":{"line":24,"column":25},"end":{"line":24,"column":50}},"37":{"start":{"line":27,"column":41},"end":{"line":27,"column":50}},"38":{"start":{"line":29,"column":2},"end":{"line":78,"column":4}},"39":{"start":{"line":82,"column":2},"end":{"line":89,"column":4}},"40":{"start":{"line":92,"column":0},"end":{"line":92,"column":19}}},"fnMap":{"0":{"name":"(anonymous_6)","decl":{"start":{"line":10,"column":21},"end":{"line":10,"column":24}},"loc":{"start":{"line":10,"column":26},"end":{"line":10,"column":52}}},"1":{"name":"(anonymous_7)","decl":{"start":{"line":10,"column":26},"end":{"line":10,"column":34}},"loc":{"start":{"line":10,"column":26},"end":{"line":10,"column":52}}},"2":{"name":"(anonymous_8)","decl":{"start":{"line":11,"column":19},"end":{"line":11,"column":22}},"loc":{"start":{"line":11,"column":24},"end":{"line":11,"column":48}}},"3":{"name":"(anonymous_9)","decl":{"start":{"line":11,"column":24},"end":{"line":11,"column":32}},"loc":{"start":{"line":11,"column":24},"end":{"line":11,"column":48}}},"4":{"name":"(anonymous_10)","decl":{"start":{"line":12,"column":23},"end":{"line":12,"column":26}},"loc":{"start":{"line":12,"column":28},"end":{"line":12,"column":56}}},"5":{"name":"(anonymous_11)","decl":{"start":{"line":12,"column":28},"end":{"line":12,"column":36}},"loc":{"start":{"line":12,"column":28},"end":{"line":12,"column":56}}},"6":{"name":"(anonymous_12)","decl":{"start":{"line":13,"column":27},"end":{"line":13,"column":30}},"loc":{"start":{"line":13,"column":32},"end":{"line":13,"column":65}}},"7":{"name":"(anonymous_13)","decl":{"start":{"line":13,"column":32},"end":{"line":13,"column":40}},"loc":{"start":{"line":13,"column":32},"end":{"line":13,"column":65}}},"8":{"name":"(anonymous_14)","decl":{"start":{"line":14,"column":27},"end":{"line":14,"column":30}},"loc":{"start":{"line":14,"column":32},"end":{"line":14,"column":65}}},"9":{"name":"(anonymous_15)","decl":{"start":{"line":14,"column":32},"end":{"line":14,"column":40}},"loc":{"start":{"line":14,"column":32},"end":{"line":14,"column":65}}},"10":{"name":"(anonymous_16)","decl":{"start":{"line":15,"column":25},"end":{"line":15,"column":28}},"loc":{"start":{"line":15,"column":30},"end":{"line":15,"column":61}}},"11":{"name":"(anonymous_17)","decl":{"start":{"line":15,"column":30},"end":{"line":15,"column":38}},"loc":{"start":{"line":15,"column":30},"end":{"line":15,"column":61}}},"12":{"name":"(anonymous_18)","decl":{"start":{"line":16,"column":23},"end":{"line":16,"column":26}},"loc":{"start":{"line":16,"column":28},"end":{"line":16,"column":56}}},"13":{"name":"(anonymous_19)","decl":{"start":{"line":16,"column":28},"end":{"line":16,"column":36}},"loc":{"start":{"line":16,"column":28},"end":{"line":16,"column":56}}},"14":{"name":"(anonymous_20)","decl":{"start":{"line":17,"column":23},"end":{"line":17,"column":26}},"loc":{"start":{"line":17,"column":28},"end":{"line":17,"column":56}}},"15":{"name":"(anonymous_21)","decl":{"start":{"line":17,"column":28},"end":{"line":17,"column":36}},"loc":{"start":{"line":17,"column":28},"end":{"line":17,"column":56}}},"16":{"name":"(anonymous_22)","decl":{"start":{"line":18,"column":23},"end":{"line":18,"column":26}},"loc":{"start":{"line":18,"column":28},"end":{"line":18,"column":56}}},"17":{"name":"(anonymous_23)","decl":{"start":{"line":18,"column":28},"end":{"line":18,"column":36}},"loc":{"start":{"line":18,"column":28},"end":{"line":18,"column":56}}},"18":{"name":"(anonymous_24)","decl":{"start":{"line":19,"column":22},"end":{"line":19,"column":25}},"loc":{"start":{"line":19,"column":27},"end":{"line":19,"column":54}}},"19":{"name":"(anonymous_25)","decl":{"start":{"line":19,"column":27},"end":{"line":19,"column":35}},"loc":{"start":{"line":19,"column":27},"end":{"line":19,"column":54}}},"20":{"name":"(anonymous_26)","decl":{"start":{"line":20,"column":26},"end":{"line":20,"column":29}},"loc":{"start":{"line":20,"column":31},"end":{"line":20,"column":63}}},"21":{"name":"(anonymous_27)","decl":{"start":{"line":20,"column":31},"end":{"line":20,"column":39}},"loc":{"start":{"line":20,"column":31},"end":{"line":20,"column":63}}},"22":{"name":"(anonymous_28)","decl":{"start":{"line":21,"column":27},"end":{"line":21,"column":30}},"loc":{"start":{"line":21,"column":32},"end":{"line":21,"column":65}}},"23":{"name":"(anonymous_29)","decl":{"start":{"line":21,"column":32},"end":{"line":21,"column":40}},"loc":{"start":{"line":21,"column":32},"end":{"line":21,"column":65}}},"24":{"name":"(anonymous_30)","decl":{"start":{"line":22,"column":22},"end":{"line":22,"column":25}},"loc":{"start":{"line":22,"column":27},"end":{"line":22,"column":55}}},"25":{"name":"(anonymous_31)","decl":{"start":{"line":22,"column":27},"end":{"line":22,"column":35}},"loc":{"start":{"line":22,"column":27},"end":{"line":22,"column":55}}},"26":{"name":"(anonymous_32)","decl":{"start":{"line":23,"column":27},"end":{"line":23,"column":30}},"loc":{"start":{"line":23,"column":32},"end":{"line":23,"column":64}}},"27":{"name":"(anonymous_33)","decl":{"start":{"line":23,"column":32},"end":{"line":23,"column":40}},"loc":{"start":{"line":23,"column":32},"end":{"line":23,"column":64}}},"28":{"name":"(anonymous_34)","decl":{"start":{"line":24,"column":20},"end":{"line":24,"column":23}},"loc":{"start":{"line":24,"column":25},"end":{"line":24,"column":50}}},"29":{"name":"(anonymous_35)","decl":{"start":{"line":24,"column":25},"end":{"line":24,"column":33}},"loc":{"start":{"line":24,"column":25},"end":{"line":24,"column":50}}},"30":{"name":"Router","decl":{"start":{"line":26,"column":9},"end":{"line":26,"column":15}},"loc":{"start":{"line":26,"column":15},"end":{"line":79,"column":1}}},"31":{"name":"App","decl":{"start":{"line":81,"column":9},"end":{"line":81,"column":12}},"loc":{"start":{"line":81,"column":12},"end":{"line":90,"column":1}}}},"branchMap":{"0":{"loc":{"start":{"line":31,"column":7},"end":{"line":74,"column":null}},"type":"cond-expr","locations":[{"start":{"line":32,"column":8},"end":{"line":36,"column":null}},{"start":{"line":39,"column":8},"end":{"line":73,"column":null}}]},"1":{"loc":{"start":{"line":53,"column":11},"end":{"line":72,"column":null}},"type":"cond-expr","locations":[{"start":{"line":54,"column":12},"end":{"line":55,"column":null}},{"start":{"line":58,"column":12},"end":{"line":71,"column":null}}]}},"s":{"0":0,"1":0,"2":0,"3":0,"4":0,"5":0,"6":0,"7":0,"8":0,"9":0,"10":0,"11":0,"12":0,"13":0,"14":0,"15":0,"16":0,"17":0,"18":0,"19":0,"20":0,"21":0,"22":0,"23":0,"24":0,"25":0,"26":0,"27":0,"28":0,"29":0,"30":0,"31":0,"32":0,"33":0,"34":0,"35":0,"36":0,"37":0,"38":0,"39":0,"40":0},"f":{"0":0,"1":0,"2":0,"3":0,"4":0,"5":0,"6":0,"7":0,"8":0,"9":0,"10":0,"11":0,"12":0,"13":0,"14":0,"15":0,"16":0,"17":0,"18":0,"19":0,"20":0,"21":0,"22":0,"23":0,"24":0,"25":0,"26":0,"27":0,"28":0,"29":0,"30":0,"31":0},"b":{"0":[0,0],"1":[0,0]}}
,"C:\\Users\\HP\\Desktop\\CreatorApp\\CreatorNexus\\CreatorNexus\\client\\src\\main.tsx": {"path":"C:\\Users\\HP\\Desktop\\CreatorApp\\CreatorNexus\\CreatorNexus\\client\\src\\main.tsx","statementMap":{"0":{"start":{"line":1,"column":0},"end":{"line":1,"column":46}},"1":{"start":{"line":2,"column":0},"end":{"line":2,"column":26}},"2":{"start":{"line":3,"column":0},"end":{"line":3,"column":24}},"3":{"start":{"line":4,"column":0},"end":{"line":4,"column":21}},"4":{"start":{"line":5,"column":0},"end":{"line":5,"column":54}},"5":{"start":{"line":7,"column":0},"end":{"line":11,"column":2}},"6":{"start":{"line":14,"column":0},"end":{"line":18,"column":1}},"7":{"start":{"line":15,"column":2},"end":{"line":17,"column":12}},"8":{"start":{"line":16,"column":4},"end":{"line":16,"column":63}},"9":{"start":{"line":21,"column":0},"end":{"line":36,"column":10}},"10":{"start":{"line":22,"column":2},"end":{"line":27,"column":null}},"11":{"start":{"line":23,"column":16},"end":{"line":23,"column":103}},"12":{"start":{"line":24,"column":4},"end":{"line":26,"column":5}},"13":{"start":{"line":25,"column":6},"end":{"line":25,"column":null}},"14":{"start":{"line":29,"column":2},"end":{"line":35,"column":null}},"15":{"start":{"line":30,"column":4},"end":{"line":34,"column":5}},"16":{"start":{"line":31,"column":6},"end":{"line":33,"column":7}},"17":{"start":{"line":32,"column":8},"end":{"line":32,"column":null}}},"fnMap":{"0":{"name":"(anonymous_1)","decl":{"start":{"line":16,"column":53},"end":{"line":16,"column":56}},"loc":{"start":{"line":16,"column":58},"end":{"line":16,"column":61}}},"1":{"name":"(anonymous_2)","decl":{"start":{"line":22,"column":26},"end":{"line":22,"column":27}},"loc":{"start":{"line":22,"column":40},"end":{"line":27,"column":3}}},"2":{"name":"(anonymous_3)","decl":{"start":{"line":29,"column":26},"end":{"line":29,"column":27}},"loc":{"start":{"line":29,"column":40},"end":{"line":35,"column":3}}}},"branchMap":{"0":{"loc":{"start":{"line":14,"column":0},"end":{"line":18,"column":1}},"type":"if","locations":[{"start":{"line":14,"column":0},"end":{"line":18,"column":1}}]},"1":{"loc":{"start":{"line":24,"column":4},"end":{"line":26,"column":5}},"type":"if","locations":[{"start":{"line":24,"column":4},"end":{"line":26,"column":5}}]},"2":{"loc":{"start":{"line":31,"column":6},"end":{"line":33,"column":7}},"type":"if","locations":[{"start":{"line":31,"column":6},"end":{"line":33,"column":7}}]}},"s":{"0":0,"1":0,"2":0,"3":0,"4":0,"5":0,"6":0,"7":0,"8":0,"9":0,"10":0,"11":0,"12":0,"13":0,"14":0,"15":0,"16":0,"17":0},"f":{"0":0,"1":0,"2":0},"b":{"0":[0],"1":[0],"2":[0]}}
,"C:\\Users\\HP\\Desktop\\CreatorApp\\CreatorNexus\\CreatorNexus\\client\\src\\components\\ai\\AIAgentDashboard.tsx": {"path":"C:\\Users\\HP\\Desktop\\CreatorApp\\CreatorNexus\\CreatorNexus\\client\\src\\components\\ai\\AIAgentDashboard.tsx","statementMap":{"0":{"start":{"line":13,"column":0},"end":{"line":13,"column":24}},"1":{"start":{"line":1,"column":0},"end":{"line":1,"column":33}},"2":{"start":{"line":2,"column":0},"end":{"line":2,"column":62}},"3":{"start":{"line":3,"column":0},"end":{"line":3,"column":80}},"4":{"start":{"line":4,"column":0},"end":{"line":4,"column":48}},"5":{"start":{"line":5,"column":0},"end":{"line":5,"column":46}},"6":{"start":{"line":6,"column":0},"end":{"line":6,"column":103}},"7":{"start":{"line":7,"column":0},"end":{"line":7,"column":46}},"8":{"start":{"line":8,"column":0},"end":{"line":8,"column":45}},"9":{"start":{"line":9,"column":0},"end":{"line":9,"column":60}},"10":{"start":{"line":10,"column":0},"end":{"line":10,"column":54}},"11":{"start":{"line":11,"column":0},"end":{"line":11,"column":85}},"12":{"start":{"line":14,"column":20},"end":{"line":14,"column":30}},"13":{"start":{"line":15,"column":36},"end":{"line":15,"column":56}},"14":{"start":{"line":16,"column":46},"end":{"line":21,"column":4}},"15":{"start":{"line":22,"column":40},"end":{"line":26,"column":4}},"16":{"start":{"line":28,"column":38},"end":{"line":62,"column":4}},"17":{"start":{"line":30,"column":21},"end":{"line":33,"column":8}},"18":{"start":{"line":32,"column":59},"end":{"line":32,"column":67}},"19":{"start":{"line":34,"column":23},"end":{"line":34,"column":90}},"20":{"start":{"line":35,"column":6},"end":{"line":35,"column":35}},"21":{"start":{"line":38,"column":6},"end":{"line":41,"column":9}},"22":{"start":{"line":42,"column":6},"end":{"line":42,"column":70}},"23":{"start":{"line":45,"column":6},"end":{"line":55,"column":7}},"24":{"start":{"line":46,"column":8},"end":{"line":50,"column":11}},"25":{"start":{"line":51,"column":8},"end":{"line":53,"column":16}},"26":{"start":{"line":52,"column":10},"end":{"line":52,"column":42}},"27":{"start":{"line":54,"column":8},"end":{"line":54,"column":15}},"28":{"start":{"line":56,"column":6},"end":{"line":60,"column":9}},"29":{"start":{"line":64,"column":35},"end":{"line":98,"column":4}},"30":{"start":{"line":66,"column":21},"end":{"line":69,"column":8}},"31":{"start":{"line":68,"column":59},"end":{"line":68,"column":67}},"32":{"start":{"line":70,"column":23},"end":{"line":70,"column":88}},"33":{"start":{"line":71,"column":6},"end":{"line":71,"column":35}},"34":{"start":{"line":74,"column":6},"end":{"line":77,"column":9}},"35":{"start":{"line":78,"column":6},"end":{"line":78,"column":70}},"36":{"start":{"line":81,"column":6},"end":{"line":91,"column":7}},"37":{"start":{"line":82,"column":8},"end":{"line":86,"column":11}},"38":{"start":{"line":87,"column":8},"end":{"line":89,"column":16}},"39":{"start":{"line":88,"column":10},"end":{"line":88,"column":42}},"40":{"start":{"line":90,"column":8},"end":{"line":90,"column":15}},"41":{"start":{"line":92,"column":6},"end":{"line":96,"column":9}},"42":{"start":{"line":100,"column":36},"end":{"line":110,"column":3}},"43":{"start":{"line":101,"column":4},"end":{"line":108,"column":5}},"44":{"start":{"line":102,"column":6},"end":{"line":106,"column":9}},"45":{"start":{"line":107,"column":6},"end":{"line":107,"column":13}},"46":{"start":{"line":109,"column":4},"end":{"line":109,"column":41}},"47":{"start":{"line":112,"column":33},"end":{"line":122,"column":3}},"48":{"start":{"line":113,"column":4},"end":{"line":120,"column":5}},"49":{"start":{"line":114,"column":6},"end":{"line":118,"column":9}},"50":{"start":{"line":119,"column":6},"end":{"line":119,"column":13}},"51":{"start":{"line":121,"column":4},"end":{"line":121,"column":38}},"52":{"start":{"line":124,"column":2},"end":{"line":311,"column":4}},"53":{"start":{"line":138,"column":29},"end":{"line":138,"column":53}},"54":{"start":{"line":147,"column":29},"end":{"line":147,"column":51}},"55":{"start":{"line":156,"column":29},"end":{"line":156,"column":51}},"56":{"start":{"line":177,"column":37},"end":{"line":177,"column":100}},"57":{"start":{"line":177,"column":64},"end":{"line":177,"column":98}},"58":{"start":{"line":185,"column":46},"end":{"line":185,"column":104}},"59":{"start":{"line":185,"column":73},"end":{"line":185,"column":102}},"60":{"start":{"line":233,"column":37},"end":{"line":233,"column":100}},"61":{"start":{"line":233,"column":61},"end":{"line":233,"column":98}},"62":{"start":{"line":241,"column":46},"end":{"line":241,"column":116}},"63":{"start":{"line":241,"column":70},"end":{"line":241,"column":114}}},"fnMap":{"0":{"name":"AIAgentDashboard","decl":{"start":{"line":13,"column":24},"end":{"line":13,"column":40}},"loc":{"start":{"line":13,"column":40},"end":{"line":312,"column":1}}},"1":{"name":"(anonymous_1)","decl":{"start":{"line":29,"column":16},"end":{"line":29,"column":21}},"loc":{"start":{"line":29,"column":27},"end":{"line":36,"column":5}}},"2":{"name":"(anonymous_2)","decl":{"start":{"line":32,"column":54},"end":{"line":32,"column":55}},"loc":{"start":{"line":32,"column":59},"end":{"line":32,"column":67}}},"3":{"name":"(anonymous_3)","decl":{"start":{"line":37,"column":15},"end":{"line":37,"column":16}},"loc":{"start":{"line":37,"column":24},"end":{"line":43,"column":5}}},"4":{"name":"(anonymous_4)","decl":{"start":{"line":44,"column":13},"end":{"line":44,"column":14}},"loc":{"start":{"line":44,"column":23},"end":{"line":61,"column":5}}},"5":{"name":"(anonymous_5)","decl":{"start":{"line":51,"column":19},"end":{"line":51,"column":22}},"loc":{"start":{"line":51,"column":24},"end":{"line":53,"column":9}}},"6":{"name":"(anonymous_6)","decl":{"start":{"line":65,"column":16},"end":{"line":65,"column":21}},"loc":{"start":{"line":65,"column":27},"end":{"line":72,"column":5}}},"7":{"name":"(anonymous_7)","decl":{"start":{"line":68,"column":54},"end":{"line":68,"column":55}},"loc":{"start":{"line":68,"column":59},"end":{"line":68,"column":67}}},"8":{"name":"(anonymous_8)","decl":{"start":{"line":73,"column":15},"end":{"line":73,"column":16}},"loc":{"start":{"line":73,"column":24},"end":{"line":79,"column":5}}},"9":{"name":"(anonymous_9)","decl":{"start":{"line":80,"column":13},"end":{"line":80,"column":14}},"loc":{"start":{"line":80,"column":23},"end":{"line":97,"column":5}}},"10":{"name":"(anonymous_10)","decl":{"start":{"line":87,"column":19},"end":{"line":87,"column":22}},"loc":{"start":{"line":87,"column":24},"end":{"line":89,"column":9}}},"11":{"name":"(anonymous_11)","decl":{"start":{"line":100,"column":36},"end":{"line":100,"column":39}},"loc":{"start":{"line":100,"column":41},"end":{"line":110,"column":3}}},"12":{"name":"(anonymous_12)","decl":{"start":{"line":112,"column":33},"end":{"line":112,"column":36}},"loc":{"start":{"line":112,"column":38},"end":{"line":122,"column":3}}},"13":{"name":"(anonymous_13)","decl":{"start":{"line":138,"column":23},"end":{"line":138,"column":26}},"loc":{"start":{"line":138,"column":29},"end":{"line":138,"column":53}}},"14":{"name":"(anonymous_14)","decl":{"start":{"line":147,"column":23},"end":{"line":147,"column":26}},"loc":{"start":{"line":147,"column":29},"end":{"line":147,"column":51}}},"15":{"name":"(anonymous_15)","decl":{"start":{"line":156,"column":23},"end":{"line":156,"column":26}},"loc":{"start":{"line":156,"column":29},"end":{"line":156,"column":51}}},"16":{"name":"(anonymous_16)","decl":{"start":{"line":177,"column":30},"end":{"line":177,"column":31}},"loc":{"start":{"line":177,"column":37},"end":{"line":177,"column":100}}},"17":{"name":"(anonymous_17)","decl":{"start":{"line":177,"column":55},"end":{"line":177,"column":59}},"loc":{"start":{"line":177,"column":64},"end":{"line":177,"column":98}}},"18":{"name":"(anonymous_18)","decl":{"start":{"line":185,"column":35},"end":{"line":185,"column":36}},"loc":{"start":{"line":185,"column":46},"end":{"line":185,"column":104}}},"19":{"name":"(anonymous_19)","decl":{"start":{"line":185,"column":64},"end":{"line":185,"column":68}},"loc":{"start":{"line":185,"column":73},"end":{"line":185,"column":102}}},"20":{"name":"(anonymous_20)","decl":{"start":{"line":233,"column":30},"end":{"line":233,"column":31}},"loc":{"start":{"line":233,"column":37},"end":{"line":233,"column":100}}},"21":{"name":"(anonymous_21)","decl":{"start":{"line":233,"column":52},"end":{"line":233,"column":56}},"loc":{"start":{"line":233,"column":61},"end":{"line":233,"column":98}}},"22":{"name":"(anonymous_22)","decl":{"start":{"line":241,"column":35},"end":{"line":241,"column":36}},"loc":{"start":{"line":241,"column":46},"end":{"line":241,"column":116}}},"23":{"name":"(anonymous_23)","decl":{"start":{"line":241,"column":61},"end":{"line":241,"column":65}},"loc":{"start":{"line":241,"column":70},"end":{"line":241,"column":114}}}},"branchMap":{"0":{"loc":{"start":{"line":45,"column":6},"end":{"line":55,"column":7}},"type":"if","locations":[{"start":{"line":45,"column":6},"end":{"line":55,"column":7}}]},"1":{"loc":{"start":{"line":81,"column":6},"end":{"line":91,"column":7}},"type":"if","locations":[{"start":{"line":81,"column":6},"end":{"line":91,"column":7}}]},"2":{"loc":{"start":{"line":101,"column":4},"end":{"line":108,"column":5}},"type":"if","locations":[{"start":{"line":101,"column":4},"end":{"line":108,"column":5}}]},"3":{"loc":{"start":{"line":113,"column":4},"end":{"line":120,"column":5}},"type":"if","locations":[{"start":{"line":113,"column":4},"end":{"line":120,"column":5}}]},"4":{"loc":{"start":{"line":136,"column":23},"end":{"line":136,"column":71}},"type":"cond-expr","locations":[{"start":{"line":136,"column":50},"end":{"line":136,"column":59}},{"start":{"line":136,"column":62},"end":{"line":136,"column":71}}]},"5":{"loc":{"start":{"line":145,"column":23},"end":{"line":145,"column":69}},"type":"cond-expr","locations":[{"start":{"line":145,"column":48},"end":{"line":145,"column":57}},{"start":{"line":145,"column":60},"end":{"line":145,"column":69}}]},"6":{"loc":{"start":{"line":154,"column":23},"end":{"line":154,"column":69}},"type":"cond-expr","locations":[{"start":{"line":154,"column":48},"end":{"line":154,"column":57}},{"start":{"line":154,"column":60},"end":{"line":154,"column":69}}]},"7":{"loc":{"start":{"line":164,"column":11},"end":{"line":217,"column":null}},"type":"binary-expr","locations":[{"start":{"line":164,"column":11},"end":{"line":164,"column":35}},{"start":{"line":165,"column":12},"end":{"line":216,"column":null}}]},"8":{"loc":{"start":{"line":205,"column":17},"end":{"line":214,"column":null}},"type":"cond-expr","locations":[{"start":{"line":206,"column":18},"end":{"line":208,"column":null}},{"start":{"line":211,"column":18},"end":{"line":213,"column":null}}]},"9":{"loc":{"start":{"line":220,"column":11},"end":{"line":273,"column":null}},"type":"binary-expr","locations":[{"start":{"line":220,"column":11},"end":{"line":220,"column":33}},{"start":{"line":221,"column":12},"end":{"line":272,"column":null}}]},"10":{"loc":{"start":{"line":261,"column":17},"end":{"line":270,"column":null}},"type":"cond-expr","locations":[{"start":{"line":262,"column":18},"end":{"line":264,"column":null}},{"start":{"line":267,"column":18},"end":{"line":269,"column":null}}]},"11":{"loc":{"start":{"line":276,"column":11},"end":{"line":306,"column":null}},"type":"binary-expr","locations":[{"start":{"line":276,"column":11},"end":{"line":276,"column":33}},{"start":{"line":277,"column":12},"end":{"line":305,"column":null}}]}},"s":{"0":0,"1":0,"2":0,"3":0,"4":0,"5":0,"6":0,"7":0,"8":0,"9":0,"10":0,"11":0,"12":0,"13":0,"14":0,"15":0,"16":0,"17":0,"18":0,"19":0,"20":0,"21":0,"22":0,"23":0,"24":0,"25":0,"26":0,"27":0,"28":0,"29":0,"30":0,"31":0,"32":0,"33":0,"34":0,"35":0,"36":0,"37":0,"38":0,"39":0,"40":0,"41":0,"42":0,"43":0,"44":0,"45":0,"46":0,"47":0,"48":0,"49":0,"50":0,"51":0,"52":0,"53":0,"54":0,"55":0,"56":0,"57":0,"58":0,"59":0,"60":0,"61":0,"62":0,"63":0},"f":{"0":0,"1":0,"2":0,"3":0,"4":0,"5":0,"6":0,"7":0,"8":0,"9":0,"10":0,"11":0,"12":0,"13":0,"14":0,"15":0,"16":0,"17":0,"18":0,"19":0,"20":0,"21":0,"22":0,"23":0},"b":{"0":[0],"1":[0],"2":[0],"3":[0],"4":[0,0],"5":[0,0],"6":[0,0],"7":[0,0],"8":[0,0],"9":[0,0],"10":[0,0],"11":[0,0]}}
,"C:\\Users\\HP\\Desktop\\CreatorApp\\CreatorNexus\\CreatorNexus\\client\\src\\components\\ai\\PredictiveAnalytics.tsx": {"path":"C:\\Users\\HP\\Desktop\\CreatorApp\\CreatorNexus\\CreatorNexus\\client\\src\\components\\ai\\PredictiveAnalytics.tsx","statementMap":{"0":{"start":{"line":14,"column":0},"end":{"line":14,"column":24}},"1":{"start":{"line":1,"column":0},"end":{"line":1,"column":33}},"2":{"start":{"line":2,"column":0},"end":{"line":2,"column":62}},"3":{"start":{"line":3,"column":0},"end":{"line":3,"column":80}},"4":{"start":{"line":4,"column":0},"end":{"line":4,"column":48}},"5":{"start":{"line":5,"column":0},"end":{"line":5,"column":46}},"6":{"start":{"line":6,"column":0},"end":{"line":6,"column":103}},"7":{"start":{"line":7,"column":0},"end":{"line":7,"column":46}},"8":{"start":{"line":8,"column":0},"end":{"line":8,"column":52}},"9":{"start":{"line":9,"column":0},"end":{"line":9,"column":45}},"10":{"start":{"line":10,"column":0},"end":{"line":10,"column":47}},"11":{"start":{"line":11,"column":0},"end":{"line":11,"column":54}},"12":{"start":{"line":12,"column":0},"end":{"line":12,"column":92}},"13":{"start":{"line":15,"column":20},"end":{"line":15,"column":30}},"14":{"start":{"line":16,"column":40},"end":{"line":22,"column":4}},"15":{"start":{"line":23,"column":40},"end":{"line":23,"column":59}},"16":{"start":{"line":25,"column":41},"end":{"line":38,"column":4}},"17":{"start":{"line":29,"column":23},"end":{"line":32,"column":8}},"18":{"start":{"line":33,"column":19},"end":{"line":33,"column":40}},"19":{"start":{"line":34,"column":6},"end":{"line":34,"column":36}},"20":{"start":{"line":40,"column":37},"end":{"line":85,"column":4}},"21":{"start":{"line":42,"column":23},"end":{"line":46,"column":8}},"22":{"start":{"line":47,"column":19},"end":{"line":47,"column":40}},"23":{"start":{"line":49,"column":6},"end":{"line":49,"column":34}},"24":{"start":{"line":53,"column":25},"end":{"line":60,"column":8}},"25":{"start":{"line":61,"column":6},"end":{"line":61,"column":33}},"26":{"start":{"line":62,"column":6},"end":{"line":65,"column":9}},"27":{"start":{"line":68,"column":6},"end":{"line":78,"column":7}},"28":{"start":{"line":69,"column":8},"end":{"line":73,"column":11}},"29":{"start":{"line":74,"column":8},"end":{"line":76,"column":16}},"30":{"start":{"line":75,"column":10},"end":{"line":75,"column":42}},"31":{"start":{"line":77,"column":8},"end":{"line":77,"column":15}},"32":{"start":{"line":79,"column":6},"end":{"line":83,"column":9}},"33":{"start":{"line":87,"column":24},"end":{"line":97,"column":3}},"34":{"start":{"line":88,"column":4},"end":{"line":95,"column":5}},"35":{"start":{"line":89,"column":6},"end":{"line":93,"column":9}},"36":{"start":{"line":94,"column":6},"end":{"line":94,"column":13}},"37":{"start":{"line":96,"column":4},"end":{"line":96,"column":40}},"38":{"start":{"line":99,"column":35},"end":{"line":103,"column":3}},"39":{"start":{"line":100,"column":4},"end":{"line":100,"column":49}},"40":{"start":{"line":100,"column":27},"end":{"line":100,"column":49}},"41":{"start":{"line":101,"column":4},"end":{"line":101,"column":50}},"42":{"start":{"line":101,"column":27},"end":{"line":101,"column":50}},"43":{"start":{"line":102,"column":4},"end":{"line":102,"column":24}},"44":{"start":{"line":105,"column":29},"end":{"line":109,"column":3}},"45":{"start":{"line":106,"column":4},"end":{"line":106,"column":49}},"46":{"start":{"line":106,"column":25},"end":{"line":106,"column":49}},"47":{"start":{"line":107,"column":4},"end":{"line":107,"column":50}},"48":{"start":{"line":107,"column":25},"end":{"line":107,"column":50}},"49":{"start":{"line":108,"column":4},"end":{"line":108,"column":26}},"50":{"start":{"line":111,"column":2},"end":{"line":316,"column":4}},"51":{"start":{"line":127,"column":33},"end":{"line":127,"column":93}},"52":{"start":{"line":127,"column":57},"end":{"line":127,"column":91}},"53":{"start":{"line":136,"column":42},"end":{"line":136,"column":96}},"54":{"start":{"line":136,"column":66},"end":{"line":136,"column":94}},"55":{"start":{"line":154,"column":42},"end":{"line":154,"column":92}},"56":{"start":{"line":154,"column":66},"end":{"line":154,"column":90}},"57":{"start":{"line":173,"column":33},"end":{"line":173,"column":92}},"58":{"start":{"line":173,"column":57},"end":{"line":173,"column":90}},"59":{"start":{"line":184,"column":31},"end":{"line":184,"column":97}},"60":{"start":{"line":184,"column":55},"end":{"line":184,"column":95}},"61":{"start":{"line":306,"column":16},"end":{"line":306,"column":33}}},"fnMap":{"0":{"name":"PredictiveAnalytics","decl":{"start":{"line":14,"column":24},"end":{"line":14,"column":43}},"loc":{"start":{"line":14,"column":43},"end":{"line":317,"column":1}}},"1":{"name":"(anonymous_1)","decl":{"start":{"line":28,"column":13},"end":{"line":28,"column":18}},"loc":{"start":{"line":28,"column":24},"end":{"line":35,"column":5}}},"2":{"name":"(anonymous_2)","decl":{"start":{"line":41,"column":16},"end":{"line":41,"column":21}},"loc":{"start":{"line":41,"column":27},"end":{"line":50,"column":5}}},"3":{"name":"(anonymous_3)","decl":{"start":{"line":51,"column":15},"end":{"line":51,"column":16}},"loc":{"start":{"line":51,"column":26},"end":{"line":66,"column":5}}},"4":{"name":"(anonymous_4)","decl":{"start":{"line":67,"column":13},"end":{"line":67,"column":14}},"loc":{"start":{"line":67,"column":23},"end":{"line":84,"column":5}}},"5":{"name":"(anonymous_5)","decl":{"start":{"line":74,"column":19},"end":{"line":74,"column":22}},"loc":{"start":{"line":74,"column":24},"end":{"line":76,"column":9}}},"6":{"name":"(anonymous_6)","decl":{"start":{"line":87,"column":24},"end":{"line":87,"column":27}},"loc":{"start":{"line":87,"column":29},"end":{"line":97,"column":3}}},"7":{"name":"(anonymous_7)","decl":{"start":{"line":99,"column":35},"end":{"line":99,"column":36}},"loc":{"start":{"line":99,"column":59},"end":{"line":103,"column":3}}},"8":{"name":"(anonymous_8)","decl":{"start":{"line":105,"column":29},"end":{"line":105,"column":30}},"loc":{"start":{"line":105,"column":52},"end":{"line":109,"column":3}}},"9":{"name":"(anonymous_9)","decl":{"start":{"line":127,"column":26},"end":{"line":127,"column":27}},"loc":{"start":{"line":127,"column":33},"end":{"line":127,"column":93}}},"10":{"name":"(anonymous_10)","decl":{"start":{"line":127,"column":48},"end":{"line":127,"column":52}},"loc":{"start":{"line":127,"column":57},"end":{"line":127,"column":91}}},"11":{"name":"(anonymous_11)","decl":{"start":{"line":136,"column":31},"end":{"line":136,"column":32}},"loc":{"start":{"line":136,"column":42},"end":{"line":136,"column":96}}},"12":{"name":"(anonymous_12)","decl":{"start":{"line":136,"column":57},"end":{"line":136,"column":61}},"loc":{"start":{"line":136,"column":66},"end":{"line":136,"column":94}}},"13":{"name":"(anonymous_13)","decl":{"start":{"line":154,"column":31},"end":{"line":154,"column":32}},"loc":{"start":{"line":154,"column":42},"end":{"line":154,"column":92}}},"14":{"name":"(anonymous_14)","decl":{"start":{"line":154,"column":57},"end":{"line":154,"column":61}},"loc":{"start":{"line":154,"column":66},"end":{"line":154,"column":90}}},"15":{"name":"(anonymous_15)","decl":{"start":{"line":173,"column":26},"end":{"line":173,"column":27}},"loc":{"start":{"line":173,"column":33},"end":{"line":173,"column":92}}},"16":{"name":"(anonymous_16)","decl":{"start":{"line":173,"column":48},"end":{"line":173,"column":52}},"loc":{"start":{"line":173,"column":57},"end":{"line":173,"column":90}}},"17":{"name":"(anonymous_17)","decl":{"start":{"line":184,"column":24},"end":{"line":184,"column":25}},"loc":{"start":{"line":184,"column":31},"end":{"line":184,"column":97}}},"18":{"name":"(anonymous_18)","decl":{"start":{"line":184,"column":46},"end":{"line":184,"column":50}},"loc":{"start":{"line":184,"column":55},"end":{"line":184,"column":95}}},"19":{"name":"(anonymous_19)","decl":{"start":{"line":305,"column":55},"end":{"line":305,"column":56}},"loc":{"start":{"line":306,"column":16},"end":{"line":306,"column":33}}}},"branchMap":{"0":{"loc":{"start":{"line":31,"column":15},"end":{"line":31,"column":45}},"type":"binary-expr","locations":[{"start":{"line":31,"column":15},"end":{"line":31,"column":32}},{"start":{"line":31,"column":36},"end":{"line":31,"column":45}}]},"1":{"loc":{"start":{"line":34,"column":13},"end":{"line":34,"column":35}},"type":"binary-expr","locations":[{"start":{"line":34,"column":13},"end":{"line":34,"column":27}},{"start":{"line":34,"column":31},"end":{"line":34,"column":35}}]},"2":{"loc":{"start":{"line":49,"column":13},"end":{"line":49,"column":33}},"type":"binary-expr","locations":[{"start":{"line":49,"column":13},"end":{"line":49,"column":25}},{"start":{"line":49,"column":29},"end":{"line":49,"column":33}}]},"3":{"loc":{"start":{"line":54,"column":24},"end":{"line":54,"column":92}},"type":"binary-expr","locations":[{"start":{"line":54,"column":24},"end":{"line":54,"column":45}},{"start":{"line":54,"column":49},"end":{"line":54,"column":71}},{"start":{"line":54,"column":75},"end":{"line":54,"column":87}},{"start":{"line":54,"column":91},"end":{"line":54,"column":92}}]},"4":{"loc":{"start":{"line":55,"column":29},"end":{"line":55,"column":85}},"type":"binary-expr","locations":[{"start":{"line":55,"column":29},"end":{"line":55,"column":55}},{"start":{"line":55,"column":59},"end":{"line":55,"column":80}},{"start":{"line":55,"column":84},"end":{"line":55,"column":85}}]},"5":{"loc":{"start":{"line":56,"column":26},"end":{"line":56,"column":79}},"type":"binary-expr","locations":[{"start":{"line":56,"column":26},"end":{"line":56,"column":49}},{"start":{"line":56,"column":53},"end":{"line":56,"column":74}},{"start":{"line":56,"column":78},"end":{"line":56,"column":79}}]},"6":{"loc":{"start":{"line":57,"column":25},"end":{"line":57,"column":86}},"type":"binary-expr","locations":[{"start":{"line":57,"column":25},"end":{"line":57,"column":47}},{"start":{"line":57,"column":51},"end":{"line":57,"column":75}},{"start":{"line":57,"column":79},"end":{"line":57,"column":86}}]},"7":{"loc":{"start":{"line":58,"column":23},"end":{"line":58,"column":73}},"type":"binary-expr","locations":[{"start":{"line":58,"column":23},"end":{"line":58,"column":43}},{"start":{"line":58,"column":47},"end":{"line":58,"column":68}},{"start":{"line":58,"column":72},"end":{"line":58,"column":73}}]},"8":{"loc":{"start":{"line":59,"column":33},"end":{"line":59,"column":95}},"type":"binary-expr","locations":[{"start":{"line":59,"column":33},"end":{"line":59,"column":63}},{"start":{"line":59,"column":67},"end":{"line":59,"column":89}},{"start":{"line":59,"column":93},"end":{"line":59,"column":95}}]},"9":{"loc":{"start":{"line":68,"column":6},"end":{"line":78,"column":7}},"type":"if","locations":[{"start":{"line":68,"column":6},"end":{"line":78,"column":7}}]},"10":{"loc":{"start":{"line":88,"column":4},"end":{"line":95,"column":5}},"type":"if","locations":[{"start":{"line":88,"column":4},"end":{"line":95,"column":5}}]},"11":{"loc":{"start":{"line":100,"column":4},"end":{"line":100,"column":49}},"type":"if","locations":[{"start":{"line":100,"column":4},"end":{"line":100,"column":49}}]},"12":{"loc":{"start":{"line":101,"column":4},"end":{"line":101,"column":50}},"type":"if","locations":[{"start":{"line":101,"column":4},"end":{"line":101,"column":50}}]},"13":{"loc":{"start":{"line":106,"column":4},"end":{"line":106,"column":49}},"type":"if","locations":[{"start":{"line":106,"column":4},"end":{"line":106,"column":49}}]},"14":{"loc":{"start":{"line":107,"column":4},"end":{"line":107,"column":50}},"type":"if","locations":[{"start":{"line":107,"column":4},"end":{"line":107,"column":50}}]},"15":{"loc":{"start":{"line":194,"column":13},"end":{"line":203,"column":null}},"type":"cond-expr","locations":[{"start":{"line":195,"column":14},"end":{"line":197,"column":null}},{"start":{"line":200,"column":14},"end":{"line":202,"column":null}}]},"16":{"loc":{"start":{"line":209,"column":7},"end":{"line":295,"column":null}},"type":"binary-expr","locations":[{"start":{"line":209,"column":7},"end":{"line":209,"column":18}},{"start":{"line":210,"column":8},"end":{"line":294,"column":null}}]},"17":{"loc":{"start":{"line":218,"column":17},"end":{"line":218,"column":175}},"type":"binary-expr","locations":[{"start":{"line":218,"column":17},"end":{"line":218,"column":101}},{"start":{"line":218,"column":105},"end":{"line":218,"column":175}}]},"18":{"loc":{"start":{"line":218,"column":18},"end":{"line":218,"column":80}},"type":"binary-expr","locations":[{"start":{"line":218,"column":18},"end":{"line":218,"column":44}},{"start":{"line":218,"column":48},"end":{"line":218,"column":75}},{"start":{"line":218,"column":79},"end":{"line":218,"column":80}}]},"19":{"loc":{"start":{"line":218,"column":112},"end":{"line":218,"column":174}},"type":"binary-expr","locations":[{"start":{"line":218,"column":112},"end":{"line":218,"column":138}},{"start":{"line":218,"column":142},"end":{"line":218,"column":169}},{"start":{"line":218,"column":173},"end":{"line":218,"column":174}}]},"20":{"loc":{"start":{"line":230,"column":69},"end":{"line":230,"column":105}},"type":"binary-expr","locations":[{"start":{"line":230,"column":69},"end":{"line":230,"column":100}},{"start":{"line":230,"column":104},"end":{"line":230,"column":105}}]},"21":{"loc":{"start":{"line":232,"column":18},"end":{"line":232,"column":139}},"type":"binary-expr","locations":[{"start":{"line":232,"column":19},"end":{"line":232,"column":133}},{"start":{"line":232,"column":138},"end":{"line":232,"column":139}}]},"22":{"loc":{"start":{"line":232,"column":19},"end":{"line":232,"column":133}},"type":"cond-expr","locations":[{"start":{"line":232,"column":73},"end":{"line":232,"column":104}},{"start":{"line":232,"column":107},"end":{"line":232,"column":133}}]},"23":{"loc":{"start":{"line":247,"column":21},"end":{"line":247,"column":84}},"type":"binary-expr","locations":[{"start":{"line":247,"column":21},"end":{"line":247,"column":49}},{"start":{"line":247,"column":53},"end":{"line":247,"column":79}},{"start":{"line":247,"column":83},"end":{"line":247,"column":84}}]},"24":{"loc":{"start":{"line":250,"column":25},"end":{"line":250,"column":58}},"type":"binary-expr","locations":[{"start":{"line":250,"column":25},"end":{"line":250,"column":53}},{"start":{"line":250,"column":57},"end":{"line":250,"column":58}}]},"25":{"loc":{"start":{"line":264,"column":17},"end":{"line":264,"column":47}},"type":"binary-expr","locations":[{"start":{"line":264,"column":17},"end":{"line":264,"column":42}},{"start":{"line":264,"column":46},"end":{"line":264,"column":47}}]},"26":{"loc":{"start":{"line":277,"column":18},"end":{"line":277,"column":89}},"type":"binary-expr","locations":[{"start":{"line":277,"column":18},"end":{"line":277,"column":45}},{"start":{"line":277,"column":49},"end":{"line":277,"column":78}},{"start":{"line":277,"column":82},"end":{"line":277,"column":89}}]},"27":{"loc":{"start":{"line":298,"column":7},"end":{"line":313,"column":null}},"type":"binary-expr","locations":[{"start":{"line":298,"column":7},"end":{"line":298,"column":43}},{"start":{"line":299,"column":8},"end":{"line":312,"column":null}}]}},"s":{"0":0,"1":0,"2":0,"3":0,"4":0,"5":0,"6":0,"7":0,"8":0,"9":0,"10":0,"11":0,"12":0,"13":0,"14":0,"15":0,"16":0,"17":0,"18":0,"19":0,"20":0,"21":0,"22":0,"23":0,"24":0,"25":0,"26":0,"27":0,"28":0,"29":0,"30":0,"31":0,"32":0,"33":0,"34":0,"35":0,"36":0,"37":0,"38":0,"39":0,"40":0,"41":0,"42":0,"43":0,"44":0,"45":0,"46":0,"47":0,"48":0,"49":0,"50":0,"51":0,"52":0,"53":0,"54":0,"55":0,"56":0,"57":0,"58":0,"59":0,"60":0,"61":0},"f":{"0":0,"1":0,"2":0,"3":0,"4":0,"5":0,"6":0,"7":0,"8":0,"9":0,"10":0,"11":0,"12":0,"13":0,"14":0,"15":0,"16":0,"17":0,"18":0,"19":0},"b":{"0":[0,0],"1":[0,0],"2":[0,0],"3":[0,0,0,0],"4":[0,0,0],"5":[0,0,0],"6":[0,0,0],"7":[0,0,0],"8":[0,0,0],"9":[0],"10":[0],"11":[0],"12":[0],"13":[0],"14":[0],"15":[0,0],"16":[0,0],"17":[0,0],"18":[0,0,0],"19":[0,0,0],"20":[0,0],"21":[0,0],"22":[0,0],"23":[0,0,0],"24":[0,0],"25":[0,0],"26":[0,0,0],"27":[0,0]}}
,"C:\\Users\\HP\\Desktop\\CreatorApp\\CreatorNexus\\CreatorNexus\\client\\src\\components\\ai\\StreamingScriptGenerator.tsx": {"path":"C:\\Users\\HP\\Desktop\\CreatorApp\\CreatorNexus\\CreatorNexus\\client\\src\\components\\ai\\StreamingScriptGenerator.tsx","statementMap":{"0":{"start":{"line":13,"column":0},"end":{"line":13,"column":24}},"1":{"start":{"line":1,"column":0},"end":{"line":1,"column":52}},"2":{"start":{"line":2,"column":0},"end":{"line":2,"column":80}},"3":{"start":{"line":3,"column":0},"end":{"line":3,"column":48}},"4":{"start":{"line":4,"column":0},"end":{"line":4,"column":46}},"5":{"start":{"line":5,"column":0},"end":{"line":5,"column":103}},"6":{"start":{"line":6,"column":0},"end":{"line":6,"column":46}},"7":{"start":{"line":7,"column":0},"end":{"line":7,"column":45}},"8":{"start":{"line":8,"column":0},"end":{"line":8,"column":52}},"9":{"start":{"line":9,"column":0},"end":{"line":9,"column":101}},"10":{"start":{"line":10,"column":0},"end":{"line":10,"column":47}},"11":{"start":{"line":11,"column":0},"end":{"line":11,"column":54}},"12":{"start":{"line":14,"column":20},"end":{"line":14,"column":30}},"13":{"start":{"line":15,"column":28},"end":{"line":15,"column":40}},"14":{"start":{"line":16,"column":34},"end":{"line":16,"column":53}},"15":{"start":{"line":17,"column":30},"end":{"line":17,"column":42}},"16":{"start":{"line":18,"column":42},"end":{"line":18,"column":57}},"17":{"start":{"line":19,"column":36},"end":{"line":19,"column":47}},"18":{"start":{"line":20,"column":48},"end":{"line":20,"column":59}},"19":{"start":{"line":21,"column":48},"end":{"line":21,"column":77}},"20":{"start":{"line":22,"column":40},"end":{"line":22,"column":55}},"21":{"start":{"line":23,"column":20},"end":{"line":23,"column":48}},"22":{"start":{"line":32,"column":6},"end":{"line":45,"column":4}},"23":{"start":{"line":34,"column":6},"end":{"line":34,"column":38}},"24":{"start":{"line":37,"column":6},"end":{"line":37,"column":47}},"25":{"start":{"line":38,"column":6},"end":{"line":38,"column":27}},"26":{"start":{"line":39,"column":6},"end":{"line":43,"column":9}},"27":{"start":{"line":48,"column":33},"end":{"line":102,"column":3}},"28":{"start":{"line":49,"column":4},"end":{"line":49,"column":56}},"29":{"start":{"line":51,"column":4},"end":{"line":101,"column":5}},"30":{"start":{"line":53,"column":8},"end":{"line":53,"column":45}},"31":{"start":{"line":54,"column":8},"end":{"line":54,"column":30}},"32":{"start":{"line":55,"column":8},"end":{"line":55,"column":22}},"33":{"start":{"line":56,"column":8},"end":{"line":59,"column":11}},"34":{"start":{"line":60,"column":8},"end":{"line":60,"column":14}},"35":{"start":{"line":63,"column":8},"end":{"line":66,"column":9}},"36":{"start":{"line":64,"column":10},"end":{"line":64,"column":57}},"37":{"start":{"line":64,"column":28},"end":{"line":64,"column":55}},"38":{"start":{"line":65,"column":10},"end":{"line":65,"column":78}},"39":{"start":{"line":65,"column":31},"end":{"line":65,"column":76}},"40":{"start":{"line":67,"column":8},"end":{"line":69,"column":9}},"41":{"start":{"line":68,"column":10},"end":{"line":68,"column":59}},"42":{"start":{"line":70,"column":8},"end":{"line":77,"column":9}},"43":{"start":{"line":71,"column":10},"end":{"line":71,"column":33}},"44":{"start":{"line":72,"column":10},"end":{"line":72,"column":35}},"45":{"start":{"line":73,"column":10},"end":{"line":76,"column":13}},"46":{"start":{"line":78,"column":8},"end":{"line":78,"column":14}},"47":{"start":{"line":81,"column":8},"end":{"line":81,"column":31}},"48":{"start":{"line":82,"column":8},"end":{"line":82,"column":33}},"49":{"start":{"line":83,"column":8},"end":{"line":86,"column":11}},"50":{"start":{"line":87,"column":8},"end":{"line":87,"column":14}},"51":{"start":{"line":90,"column":8},"end":{"line":90,"column":31}},"52":{"start":{"line":91,"column":8},"end":{"line":91,"column":33}},"53":{"start":{"line":92,"column":8},"end":{"line":96,"column":11}},"54":{"start":{"line":97,"column":8},"end":{"line":97,"column":14}},"55":{"start":{"line":100,"column":8},"end":{"line":100,"column":61}},"56":{"start":{"line":105,"column":33},"end":{"line":161,"column":3}},"57":{"start":{"line":106,"column":4},"end":{"line":113,"column":5}},"58":{"start":{"line":107,"column":6},"end":{"line":111,"column":9}},"59":{"start":{"line":112,"column":6},"end":{"line":112,"column":13}},"60":{"start":{"line":115,"column":4},"end":{"line":115,"column":26}},"61":{"start":{"line":116,"column":4},"end":{"line":116,"column":18}},"62":{"start":{"line":117,"column":4},"end":{"line":117,"column":20}},"63":{"start":{"line":118,"column":4},"end":{"line":118,"column":26}},"64":{"start":{"line":120,"column":4},"end":{"line":160,"column":5}},"65":{"start":{"line":122,"column":23},"end":{"line":126,"column":8}},"66":{"start":{"line":128,"column":19},"end":{"line":128,"column":40}},"67":{"start":{"line":130,"column":6},"end":{"line":140,"column":7}},"68":{"start":{"line":131,"column":8},"end":{"line":131,"column":39}},"69":{"start":{"line":132,"column":8},"end":{"line":132,"column":60}},"70":{"start":{"line":133,"column":8},"end":{"line":133,"column":31}},"71":{"start":{"line":134,"column":8},"end":{"line":137,"column":11}},"72":{"start":{"line":139,"column":8},"end":{"line":139,"column":54}},"73":{"start":{"line":142,"column":6},"end":{"line":142,"column":55}},"74":{"start":{"line":144,"column":6},"end":{"line":151,"column":7}},"75":{"start":{"line":145,"column":8},"end":{"line":149,"column":11}},"76":{"start":{"line":150,"column":8},"end":{"line":150,"column":15}},"77":{"start":{"line":153,"column":6},"end":{"line":157,"column":9}},"78":{"start":{"line":159,"column":6},"end":{"line":159,"column":29}},"79":{"start":{"line":164,"column":34},"end":{"line":193,"column":3}},"80":{"start":{"line":165,"column":4},"end":{"line":172,"column":5}},"81":{"start":{"line":166,"column":6},"end":{"line":170,"column":9}},"82":{"start":{"line":171,"column":6},"end":{"line":171,"column":13}},"83":{"start":{"line":175,"column":4},"end":{"line":179,"column":5}},"84":{"start":{"line":176,"column":6},"end":{"line":176,"column":54}},"85":{"start":{"line":177,"column":6},"end":{"line":177,"column":37}},"86":{"start":{"line":178,"column":6},"end":{"line":178,"column":13}},"87":{"start":{"line":182,"column":20},"end":{"line":186,"column":6}},"88":{"start":{"line":188,"column":4},"end":{"line":192,"column":5}},"89":{"start":{"line":189,"column":6},"end":{"line":189,"column":67}},"90":{"start":{"line":190,"column":6},"end":{"line":190,"column":27}},"91":{"start":{"line":191,"column":6},"end":{"line":191,"column":37}},"92":{"start":{"line":196,"column":28},"end":{"line":202,"column":3}},"93":{"start":{"line":197,"column":4},"end":{"line":199,"column":5}},"94":{"start":{"line":198,"column":6},"end":{"line":198,"column":34}},"95":{"start":{"line":200,"column":4},"end":{"line":200,"column":27}},"96":{"start":{"line":201,"column":4},"end":{"line":201,"column":29}},"97":{"start":{"line":205,"column":21},"end":{"line":222,"column":3}},"98":{"start":{"line":206,"column":4},"end":{"line":206,"column":24}},"99":{"start":{"line":206,"column":17},"end":{"line":206,"column":24}},"100":{"start":{"line":208,"column":4},"end":{"line":221,"column":5}},"101":{"start":{"line":209,"column":6},"end":{"line":209,"column":50}},"102":{"start":{"line":210,"column":6},"end":{"line":213,"column":9}},"103":{"start":{"line":215,"column":6},"end":{"line":215,"column":43}},"104":{"start":{"line":216,"column":6},"end":{"line":220,"column":9}},"105":{"start":{"line":225,"column":25},"end":{"line":242,"column":3}},"106":{"start":{"line":226,"column":4},"end":{"line":226,"column":24}},"107":{"start":{"line":226,"column":17},"end":{"line":226,"column":24}},"108":{"start":{"line":228,"column":17},"end":{"line":228,"column":59}},"109":{"start":{"line":229,"column":16},"end":{"line":229,"column":41}},"110":{"start":{"line":230,"column":14},"end":{"line":230,"column":41}},"111":{"start":{"line":231,"column":4},"end":{"line":231,"column":17}},"112":{"start":{"line":232,"column":4},"end":{"line":232,"column":60}},"113":{"start":{"line":233,"column":4},"end":{"line":233,"column":33}},"114":{"start":{"line":234,"column":4},"end":{"line":234,"column":14}},"115":{"start":{"line":235,"column":4},"end":{"line":235,"column":33}},"116":{"start":{"line":236,"column":4},"end":{"line":236,"column":29}},"117":{"start":{"line":238,"column":4},"end":{"line":241,"column":7}},"118":{"start":{"line":245,"column":2},"end":{"line":249,"column":15}},"119":{"start":{"line":246,"column":4},"end":{"line":248,"column":5}},"120":{"start":{"line":247,"column":6},"end":{"line":247,"column":67}},"121":{"start":{"line":251,"column":2},"end":{"line":398,"column":4}},"122":{"start":{"line":290,"column":31},"end":{"line":290,"column":55}}},"fnMap":{"0":{"name":"StreamingScriptGenerator","decl":{"start":{"line":13,"column":24},"end":{"line":13,"column":48}},"loc":{"start":{"line":13,"column":48},"end":{"line":399,"column":1}}},"1":{"name":"(anonymous_1)","decl":{"start":{"line":33,"column":15},"end":{"line":33,"column":16}},"loc":{"start":{"line":33,"column":27},"end":{"line":35,"column":5}}},"2":{"name":"(anonymous_2)","decl":{"start":{"line":36,"column":13},"end":{"line":36,"column":14}},"loc":{"start":{"line":36,"column":23},"end":{"line":44,"column":5}}},"3":{"name":"(anonymous_3)","decl":{"start":{"line":48,"column":33},"end":{"line":48,"column":34}},"loc":{"start":{"line":48,"column":50},"end":{"line":102,"column":3}}},"4":{"name":"(anonymous_4)","decl":{"start":{"line":64,"column":20},"end":{"line":64,"column":24}},"loc":{"start":{"line":64,"column":28},"end":{"line":64,"column":55}}},"5":{"name":"(anonymous_5)","decl":{"start":{"line":65,"column":23},"end":{"line":65,"column":27}},"loc":{"start":{"line":65,"column":31},"end":{"line":65,"column":76}}},"6":{"name":"(anonymous_6)","decl":{"start":{"line":105,"column":33},"end":{"line":105,"column":38}},"loc":{"start":{"line":105,"column":44},"end":{"line":161,"column":3}}},"7":{"name":"(anonymous_7)","decl":{"start":{"line":164,"column":34},"end":{"line":164,"column":39}},"loc":{"start":{"line":164,"column":45},"end":{"line":193,"column":3}}},"8":{"name":"(anonymous_8)","decl":{"start":{"line":196,"column":28},"end":{"line":196,"column":31}},"loc":{"start":{"line":196,"column":33},"end":{"line":202,"column":3}}},"9":{"name":"(anonymous_9)","decl":{"start":{"line":205,"column":21},"end":{"line":205,"column":26}},"loc":{"start":{"line":205,"column":32},"end":{"line":222,"column":3}}},"10":{"name":"(anonymous_10)","decl":{"start":{"line":225,"column":25},"end":{"line":225,"column":28}},"loc":{"start":{"line":225,"column":30},"end":{"line":242,"column":3}}},"11":{"name":"(anonymous_11)","decl":{"start":{"line":245,"column":12},"end":{"line":245,"column":15}},"loc":{"start":{"line":245,"column":17},"end":{"line":249,"column":3}}},"12":{"name":"(anonymous_12)","decl":{"start":{"line":290,"column":24},"end":{"line":290,"column":25}},"loc":{"start":{"line":290,"column":31},"end":{"line":290,"column":55}}}},"branchMap":{"0":{"loc":{"start":{"line":51,"column":4},"end":{"line":101,"column":5}},"type":"switch","locations":[{"start":{"line":52,"column":6},"end":{"line":60,"column":14}},{"start":{"line":62,"column":6},"end":{"line":78,"column":14}},{"start":{"line":80,"column":6},"end":{"line":87,"column":14}},{"start":{"line":89,"column":6},"end":{"line":97,"column":14}},{"start":{"line":99,"column":6},"end":{"line":100,"column":61}}]},"1":{"loc":{"start":{"line":63,"column":8},"end":{"line":66,"column":9}},"type":"if","locations":[{"start":{"line":63,"column":8},"end":{"line":66,"column":9}}]},"2":{"loc":{"start":{"line":63,"column":12},"end":{"line":63,"column":48}},"type":"binary-expr","locations":[{"start":{"line":63,"column":12},"end":{"line":63,"column":24}},{"start":{"line":63,"column":28},"end":{"line":63,"column":48}}]},"3":{"loc":{"start":{"line":67,"column":8},"end":{"line":69,"column":9}},"type":"if","locations":[{"start":{"line":67,"column":8},"end":{"line":69,"column":9}}]},"4":{"loc":{"start":{"line":70,"column":8},"end":{"line":77,"column":9}},"type":"if","locations":[{"start":{"line":70,"column":8},"end":{"line":77,"column":9}}]},"5":{"loc":{"start":{"line":94,"column":23},"end":{"line":94,"column":77}},"type":"binary-expr","locations":[{"start":{"line":94,"column":23},"end":{"line":94,"column":36}},{"start":{"line":94,"column":40},"end":{"line":94,"column":77}}]},"6":{"loc":{"start":{"line":106,"column":4},"end":{"line":113,"column":5}},"type":"if","locations":[{"start":{"line":106,"column":4},"end":{"line":113,"column":5}}]},"7":{"loc":{"start":{"line":130,"column":6},"end":{"line":140,"column":7}},"type":"if","locations":[{"start":{"line":130,"column":6},"end":{"line":140,"column":7}},{"start":{"line":138,"column":13},"end":{"line":140,"column":7}}]},"8":{"loc":{"start":{"line":130,"column":10},"end":{"line":130,"column":44}},"type":"binary-expr","locations":[{"start":{"line":130,"column":10},"end":{"line":130,"column":21}},{"start":{"line":130,"column":25},"end":{"line":130,"column":44}}]},"9":{"loc":{"start":{"line":144,"column":6},"end":{"line":151,"column":7}},"type":"if","locations":[{"start":{"line":144,"column":6},"end":{"line":151,"column":7}}]},"10":{"loc":{"start":{"line":144,"column":10},"end":{"line":144,"column":54}},"type":"binary-expr","locations":[{"start":{"line":144,"column":10},"end":{"line":144,"column":15}},{"start":{"line":144,"column":19},"end":{"line":144,"column":54}}]},"11":{"loc":{"start":{"line":155,"column":22},"end":{"line":155,"column":129}},"type":"binary-expr","locations":[{"start":{"line":155,"column":22},"end":{"line":155,"column":50}},{"start":{"line":155,"column":55},"end":{"line":155,"column":79}},{"start":{"line":155,"column":83},"end":{"line":155,"column":129}}]},"12":{"loc":{"start":{"line":165,"column":4},"end":{"line":172,"column":5}},"type":"if","locations":[{"start":{"line":165,"column":4},"end":{"line":172,"column":5}}]},"13":{"loc":{"start":{"line":175,"column":4},"end":{"line":179,"column":5}},"type":"if","locations":[{"start":{"line":175,"column":4},"end":{"line":179,"column":5}}]},"14":{"loc":{"start":{"line":175,"column":8},"end":{"line":175,"column":35}},"type":"binary-expr","locations":[{"start":{"line":175,"column":8},"end":{"line":175,"column":20}},{"start":{"line":175,"column":24},"end":{"line":175,"column":35}}]},"15":{"loc":{"start":{"line":188,"column":4},"end":{"line":192,"column":5}},"type":"if","locations":[{"start":{"line":188,"column":4},"end":{"line":192,"column":5}}]},"16":{"loc":{"start":{"line":197,"column":4},"end":{"line":199,"column":5}},"type":"if","locations":[{"start":{"line":197,"column":4},"end":{"line":199,"column":5}}]},"17":{"loc":{"start":{"line":206,"column":4},"end":{"line":206,"column":24}},"type":"if","locations":[{"start":{"line":206,"column":4},"end":{"line":206,"column":24}}]},"18":{"loc":{"start":{"line":226,"column":4},"end":{"line":226,"column":24}},"type":"if","locations":[{"start":{"line":226,"column":4},"end":{"line":226,"column":24}}]},"19":{"loc":{"start":{"line":246,"column":4},"end":{"line":248,"column":5}},"type":"if","locations":[{"start":{"line":246,"column":4},"end":{"line":248,"column":5}}]},"20":{"loc":{"start":{"line":258,"column":13},"end":{"line":272,"column":null}},"type":"cond-expr","locations":[{"start":{"line":259,"column":14},"end":{"line":260,"column":null}},{"start":{"line":263,"column":16},"end":{"line":272,"column":null}}]},"21":{"loc":{"start":{"line":263,"column":16},"end":{"line":272,"column":null}},"type":"cond-expr","locations":[{"start":{"line":264,"column":14},"end":{"line":265,"column":null}},{"start":{"line":269,"column":14},"end":{"line":270,"column":null}}]},"22":{"loc":{"start":{"line":274,"column":13},"end":{"line":278,"column":null}},"type":"binary-expr","locations":[{"start":{"line":274,"column":13},"end":{"line":274,"column":24}},{"start":{"line":275,"column":14},"end":{"line":276,"column":null}}]},"23":{"loc":{"start":{"line":316,"column":13},"end":{"line":325,"column":null}},"type":"cond-expr","locations":[{"start":{"line":317,"column":14},"end":{"line":319,"column":null}},{"start":{"line":322,"column":14},"end":{"line":324,"column":null}}]},"24":{"loc":{"start":{"line":329,"column":11},"end":{"line":336,"column":null}},"type":"binary-expr","locations":[{"start":{"line":329,"column":11},"end":{"line":329,"column":23}},{"start":{"line":330,"column":12},"end":{"line":333,"column":null}}]},"25":{"loc":{"start":{"line":341,"column":9},"end":{"line":347,"column":null}},"type":"binary-expr","locations":[{"start":{"line":341,"column":9},"end":{"line":341,"column":16}},{"start":{"line":342,"column":10},"end":{"line":346,"column":null}}]},"26":{"loc":{"start":{"line":351,"column":9},"end":{"line":394,"column":null}},"type":"binary-expr","locations":[{"start":{"line":351,"column":10},"end":{"line":351,"column":16}},{"start":{"line":351,"column":20},"end":{"line":351,"column":32}},{"start":{"line":352,"column":10},"end":{"line":393,"column":null}}]},"27":{"loc":{"start":{"line":387,"column":15},"end":{"line":391,"column":null}},"type":"binary-expr","locations":[{"start":{"line":387,"column":15},"end":{"line":387,"column":21}},{"start":{"line":388,"column":16},"end":{"line":389,"column":null}}]}},"s":{"0":0,"1":0,"2":0,"3":0,"4":0,"5":0,"6":0,"7":0,"8":0,"9":0,"10":0,"11":0,"12":0,"13":0,"14":0,"15":0,"16":0,"17":0,"18":0,"19":0,"20":0,"21":0,"22":0,"23":0,"24":0,"25":0,"26":0,"27":0,"28":0,"29":0,"30":0,"31":0,"32":0,"33":0,"34":0,"35":0,"36":0,"37":0,"38":0,"39":0,"40":0,"41":0,"42":0,"43":0,"44":0,"45":0,"46":0,"47":0,"48":0,"49":0,"50":0,"51":0,"52":0,"53":0,"54":0,"55":0,"56":0,"57":0,"58":0,"59":0,"60":0,"61":0,"62":0,"63":0,"64":0,"65":0,"66":0,"67":0,"68":0,"69":0,"70":0,"71":0,"72":0,"73":0,"74":0,"75":0,"76":0,"77":0,"78":0,"79":0,"80":0,"81":0,"82":0,"83":0,"84":0,"85":0,"86":0,"87":0,"88":0,"89":0,"90":0,"91":0,"92":0,"93":0,"94":0,"95":0,"96":0,"97":0,"98":0,"99":0,"100":0,"101":0,"102":0,"103":0,"104":0,"105":0,"106":0,"107":0,"108":0,"109":0,"110":0,"111":0,"112":0,"113":0,"114":0,"115":0,"116":0,"117":0,"118":0,"119":0,"120":0,"121":0,"122":0},"f":{"0":0,"1":0,"2":0,"3":0,"4":0,"5":0,"6":0,"7":0,"8":0,"9":0,"10":0,"11":0,"12":0},"b":{"0":[0,0,0,0,0],"1":[0],"2":[0,0],"3":[0],"4":[0],"5":[0,0],"6":[0],"7":[0,0],"8":[0,0],"9":[0],"10":[0,0],"11":[0,0,0],"12":[0],"13":[0],"14":[0,0],"15":[0],"16":[0],"17":[0],"18":[0],"19":[0],"20":[0,0],"21":[0,0],"22":[0,0],"23":[0,0],"24":[0,0],"25":[0,0],"26":[0,0,0],"27":[0,0]}}
,"C:\\Users\\HP\\Desktop\\CreatorApp\\CreatorNexus\\CreatorNexus\\client\\src\\components\\ai\\ThumbnailGenerator.tsx": {"path":"C:\\Users\\HP\\Desktop\\CreatorApp\\CreatorNexus\\CreatorNexus\\client\\src\\components\\ai\\ThumbnailGenerator.tsx","statementMap":{"0":{"start":{"line":12,"column":0},"end":{"line":12,"column":24}},"1":{"start":{"line":1,"column":0},"end":{"line":1,"column":33}},"2":{"start":{"line":2,"column":0},"end":{"line":2,"column":52}},"3":{"start":{"line":3,"column":0},"end":{"line":3,"column":80}},"4":{"start":{"line":4,"column":0},"end":{"line":4,"column":48}},"5":{"start":{"line":5,"column":0},"end":{"line":5,"column":46}},"6":{"start":{"line":6,"column":0},"end":{"line":6,"column":103}},"7":{"start":{"line":7,"column":0},"end":{"line":7,"column":45}},"8":{"start":{"line":8,"column":0},"end":{"line":8,"column":47}},"9":{"start":{"line":9,"column":0},"end":{"line":9,"column":54}},"10":{"start":{"line":10,"column":0},"end":{"line":10,"column":64}},"11":{"start":{"line":13,"column":20},"end":{"line":13,"column":30}},"12":{"start":{"line":14,"column":28},"end":{"line":14,"column":40}},"13":{"start":{"line":15,"column":28},"end":{"line":15,"column":47}},"14":{"start":{"line":16,"column":54},"end":{"line":16,"column":83}},"15":{"start":{"line":18,"column":36},"end":{"line":69,"column":4}},"16":{"start":{"line":21,"column":47},"end":{"line":28,"column":8}},"17":{"start":{"line":29,"column":23},"end":{"line":35,"column":8}},"18":{"start":{"line":36,"column":6},"end":{"line":36,"column":35}},"19":{"start":{"line":39,"column":6},"end":{"line":45,"column":7}},"20":{"start":{"line":40,"column":8},"end":{"line":40,"column":52}},"21":{"start":{"line":41,"column":13},"end":{"line":45,"column":7}},"22":{"start":{"line":42,"column":8},"end":{"line":42,"column":45}},"23":{"start":{"line":44,"column":8},"end":{"line":44,"column":134}},"24":{"start":{"line":46,"column":6},"end":{"line":49,"column":9}},"25":{"start":{"line":52,"column":6},"end":{"line":62,"column":7}},"26":{"start":{"line":53,"column":8},"end":{"line":57,"column":11}},"27":{"start":{"line":58,"column":8},"end":{"line":60,"column":16}},"28":{"start":{"line":59,"column":10},"end":{"line":59,"column":42}},"29":{"start":{"line":61,"column":8},"end":{"line":61,"column":15}},"30":{"start":{"line":63,"column":6},"end":{"line":67,"column":9}},"31":{"start":{"line":71,"column":25},"end":{"line":81,"column":3}},"32":{"start":{"line":72,"column":4},"end":{"line":79,"column":5}},"33":{"start":{"line":73,"column":6},"end":{"line":77,"column":9}},"34":{"start":{"line":78,"column":6},"end":{"line":78,"column":13}},"35":{"start":{"line":80,"column":4},"end":{"line":80,"column":39}},"36":{"start":{"line":83,"column":25},"end":{"line":92,"column":3}},"37":{"start":{"line":84,"column":4},"end":{"line":91,"column":5}},"38":{"start":{"line":85,"column":19},"end":{"line":85,"column":46}},"39":{"start":{"line":86,"column":6},"end":{"line":86,"column":37}},"40":{"start":{"line":87,"column":6},"end":{"line":87,"column":77}},"41":{"start":{"line":88,"column":6},"end":{"line":88,"column":38}},"42":{"start":{"line":89,"column":6},"end":{"line":89,"column":19}},"43":{"start":{"line":90,"column":6},"end":{"line":90,"column":38}},"44":{"start":{"line":94,"column":2},"end":{"line":176,"column":4}},"45":{"start":{"line":108,"column":29},"end":{"line":108,"column":53}}},"fnMap":{"0":{"name":"ThumbnailGenerator","decl":{"start":{"line":12,"column":24},"end":{"line":12,"column":42}},"loc":{"start":{"line":12,"column":42},"end":{"line":177,"column":1}}},"1":{"name":"(anonymous_1)","decl":{"start":{"line":19,"column":16},"end":{"line":19,"column":21}},"loc":{"start":{"line":19,"column":27},"end":{"line":37,"column":5}}},"2":{"name":"(anonymous_2)","decl":{"start":{"line":38,"column":15},"end":{"line":38,"column":16}},"loc":{"start":{"line":38,"column":24},"end":{"line":50,"column":5}}},"3":{"name":"(anonymous_3)","decl":{"start":{"line":51,"column":13},"end":{"line":51,"column":14}},"loc":{"start":{"line":51,"column":23},"end":{"line":68,"column":5}}},"4":{"name":"(anonymous_4)","decl":{"start":{"line":58,"column":19},"end":{"line":58,"column":22}},"loc":{"start":{"line":58,"column":24},"end":{"line":60,"column":9}}},"5":{"name":"(anonymous_5)","decl":{"start":{"line":71,"column":25},"end":{"line":71,"column":28}},"loc":{"start":{"line":71,"column":30},"end":{"line":81,"column":3}}},"6":{"name":"(anonymous_6)","decl":{"start":{"line":83,"column":25},"end":{"line":83,"column":28}},"loc":{"start":{"line":83,"column":30},"end":{"line":92,"column":3}}},"7":{"name":"(anonymous_7)","decl":{"start":{"line":108,"column":22},"end":{"line":108,"column":23}},"loc":{"start":{"line":108,"column":29},"end":{"line":108,"column":53}}}},"branchMap":{"0":{"loc":{"start":{"line":31,"column":15},"end":{"line":31,"column":48}},"type":"binary-expr","locations":[{"start":{"line":31,"column":15},"end":{"line":31,"column":30}},{"start":{"line":31,"column":34},"end":{"line":31,"column":48}}]},"1":{"loc":{"start":{"line":39,"column":6},"end":{"line":45,"column":7}},"type":"if","locations":[{"start":{"line":39,"column":6},"end":{"line":45,"column":7}},{"start":{"line":41,"column":13},"end":{"line":45,"column":7}}]},"2":{"loc":{"start":{"line":41,"column":13},"end":{"line":45,"column":7}},"type":"if","locations":[{"start":{"line":41,"column":13},"end":{"line":45,"column":7}},{"start":{"line":43,"column":13},"end":{"line":45,"column":7}}]},"3":{"loc":{"start":{"line":44,"column":108},"end":{"line":44,"column":131}},"type":"binary-expr","locations":[{"start":{"line":44,"column":108},"end":{"line":44,"column":113}},{"start":{"line":44,"column":117},"end":{"line":44,"column":131}}]},"4":{"loc":{"start":{"line":52,"column":6},"end":{"line":62,"column":7}},"type":"if","locations":[{"start":{"line":52,"column":6},"end":{"line":62,"column":7}}]},"5":{"loc":{"start":{"line":72,"column":4},"end":{"line":79,"column":5}},"type":"if","locations":[{"start":{"line":72,"column":4},"end":{"line":79,"column":5}}]},"6":{"loc":{"start":{"line":84,"column":4},"end":{"line":91,"column":5}},"type":"if","locations":[{"start":{"line":84,"column":4},"end":{"line":91,"column":5}}]},"7":{"loc":{"start":{"line":135,"column":11},"end":{"line":145,"column":null}},"type":"cond-expr","locations":[{"start":{"line":136,"column":12},"end":{"line":138,"column":null}},{"start":{"line":141,"column":12},"end":{"line":144,"column":null}}]},"8":{"loc":{"start":{"line":149,"column":9},"end":{"line":172,"column":null}},"type":"binary-expr","locations":[{"start":{"line":149,"column":9},"end":{"line":149,"column":27}},{"start":{"line":150,"column":10},"end":{"line":171,"column":null}}]}},"s":{"0":0,"1":0,"2":0,"3":0,"4":0,"5":0,"6":0,"7":0,"8":0,"9":0,"10":0,"11":0,"12":0,"13":0,"14":0,"15":0,"16":0,"17":0,"18":0,"19":0,"20":0,"21":0,"22":0,"23":0,"24":0,"25":0,"26":0,"27":0,"28":0,"29":0,"30":0,"31":0,"32":0,"33":0,"34":0,"35":0,"36":0,"37":0,"38":0,"39":0,"40":0,"41":0,"42":0,"43":0,"44":0,"45":0},"f":{"0":0,"1":0,"2":0,"3":0,"4":0,"5":0,"6":0,"7":0},"b":{"0":[0,0],"1":[0,0],"2":[0,0],"3":[0,0],"4":[0],"5":[0],"6":[0],"7":[0,0],"8":[0,0]}}
,"C:\\Users\\HP\\Desktop\\CreatorApp\\CreatorNexus\\CreatorNexus\\client\\src\\components\\ai\\VoiceoverGenerator.tsx": {"path":"C:\\Users\\HP\\Desktop\\CreatorApp\\CreatorNexus\\CreatorNexus\\client\\src\\components\\ai\\VoiceoverGenerator.tsx","statementMap":{"0":{"start":{"line":12,"column":0},"end":{"line":12,"column":24}},"1":{"start":{"line":1,"column":0},"end":{"line":1,"column":33}},"2":{"start":{"line":2,"column":0},"end":{"line":2,"column":52}},"3":{"start":{"line":3,"column":0},"end":{"line":3,"column":80}},"4":{"start":{"line":4,"column":0},"end":{"line":4,"column":48}},"5":{"start":{"line":5,"column":0},"end":{"line":5,"column":52}},"6":{"start":{"line":6,"column":0},"end":{"line":6,"column":103}},"7":{"start":{"line":7,"column":0},"end":{"line":7,"column":45}},"8":{"start":{"line":8,"column":0},"end":{"line":8,"column":47}},"9":{"start":{"line":9,"column":0},"end":{"line":9,"column":54}},"10":{"start":{"line":10,"column":0},"end":{"line":10,"column":73}},"11":{"start":{"line":13,"column":20},"end":{"line":13,"column":30}},"12":{"start":{"line":14,"column":30},"end":{"line":14,"column":50}},"13":{"start":{"line":15,"column":28},"end":{"line":15,"column":45}},"14":{"start":{"line":16,"column":46},"end":{"line":16,"column":75}},"15":{"start":{"line":17,"column":36},"end":{"line":17,"column":51}},"16":{"start":{"line":19,"column":36},"end":{"line":70,"column":4}},"17":{"start":{"line":21,"column":6},"end":{"line":21,"column":67}},"18":{"start":{"line":23,"column":23},"end":{"line":26,"column":8}},"19":{"start":{"line":28,"column":6},"end":{"line":28,"column":69}},"20":{"start":{"line":30,"column":6},"end":{"line":34,"column":7}},"21":{"start":{"line":31,"column":26},"end":{"line":31,"column":47}},"22":{"start":{"line":32,"column":8},"end":{"line":32,"column":66}},"23":{"start":{"line":33,"column":8},"end":{"line":33,"column":90}},"24":{"start":{"line":36,"column":19},"end":{"line":36,"column":40}},"25":{"start":{"line":37,"column":6},"end":{"line":37,"column":59}},"26":{"start":{"line":38,"column":6},"end":{"line":38,"column":18}},"27":{"start":{"line":41,"column":6},"end":{"line":41,"column":60}},"28":{"start":{"line":42,"column":6},"end":{"line":42,"column":39}},"29":{"start":{"line":43,"column":6},"end":{"line":46,"column":9}},"30":{"start":{"line":49,"column":6},"end":{"line":49,"column":58}},"31":{"start":{"line":51,"column":6},"end":{"line":61,"column":7}},"32":{"start":{"line":52,"column":8},"end":{"line":56,"column":11}},"33":{"start":{"line":57,"column":8},"end":{"line":59,"column":16}},"34":{"start":{"line":58,"column":10},"end":{"line":58,"column":42}},"35":{"start":{"line":60,"column":8},"end":{"line":60,"column":15}},"36":{"start":{"line":63,"column":27},"end":{"line":63,"column":92}},"37":{"start":{"line":64,"column":6},"end":{"line":68,"column":9}},"38":{"start":{"line":72,"column":25},"end":{"line":93,"column":3}},"39":{"start":{"line":73,"column":4},"end":{"line":80,"column":5}},"40":{"start":{"line":74,"column":6},"end":{"line":78,"column":9}},"41":{"start":{"line":79,"column":6},"end":{"line":79,"column":13}},"42":{"start":{"line":82,"column":4},"end":{"line":89,"column":5}},"43":{"start":{"line":83,"column":6},"end":{"line":87,"column":9}},"44":{"start":{"line":88,"column":6},"end":{"line":88,"column":13}},"45":{"start":{"line":91,"column":4},"end":{"line":91,"column":52}},"46":{"start":{"line":92,"column":4},"end":{"line":92,"column":39}},"47":{"start":{"line":95,"column":21},"end":{"line":171,"column":3}},"48":{"start":{"line":96,"column":4},"end":{"line":104,"column":5}},"49":{"start":{"line":97,"column":6},"end":{"line":97,"column":59}},"50":{"start":{"line":98,"column":6},"end":{"line":102,"column":9}},"51":{"start":{"line":103,"column":6},"end":{"line":103,"column":13}},"52":{"start":{"line":106,"column":4},"end":{"line":106,"column":61}},"53":{"start":{"line":107,"column":4},"end":{"line":107,"column":23}},"54":{"start":{"line":109,"column":18},"end":{"line":109,"column":29}},"55":{"start":{"line":112,"column":4},"end":{"line":114,"column":6}},"56":{"start":{"line":113,"column":6},"end":{"line":113,"column":43}},"57":{"start":{"line":116,"column":4},"end":{"line":118,"column":6}},"58":{"start":{"line":117,"column":6},"end":{"line":117,"column":45}},"59":{"start":{"line":120,"column":4},"end":{"line":122,"column":6}},"60":{"start":{"line":121,"column":6},"end":{"line":121,"column":62}},"61":{"start":{"line":124,"column":4},"end":{"line":127,"column":6}},"62":{"start":{"line":125,"column":6},"end":{"line":125,"column":42}},"63":{"start":{"line":126,"column":6},"end":{"line":126,"column":26}},"64":{"start":{"line":129,"column":4},"end":{"line":143,"column":6}},"65":{"start":{"line":130,"column":6},"end":{"line":130,"column":49}},"66":{"start":{"line":131,"column":6},"end":{"line":136,"column":9}},"67":{"start":{"line":137,"column":6},"end":{"line":137,"column":26}},"68":{"start":{"line":138,"column":6},"end":{"line":142,"column":9}},"69":{"start":{"line":146,"column":4},"end":{"line":146,"column":31}},"70":{"start":{"line":149,"column":4},"end":{"line":170,"column":7}},"71":{"start":{"line":150,"column":6},"end":{"line":150,"column":57}},"72":{"start":{"line":152,"column":6},"end":{"line":152,"column":48}},"73":{"start":{"line":153,"column":6},"end":{"line":153,"column":26}},"74":{"start":{"line":156,"column":25},"end":{"line":156,"column":53}},"75":{"start":{"line":157,"column":6},"end":{"line":163,"column":7}},"76":{"start":{"line":158,"column":8},"end":{"line":158,"column":89}},"77":{"start":{"line":159,"column":13},"end":{"line":163,"column":7}},"78":{"start":{"line":160,"column":8},"end":{"line":160,"column":69}},"79":{"start":{"line":161,"column":13},"end":{"line":163,"column":7}},"80":{"start":{"line":162,"column":8},"end":{"line":162,"column":65}},"81":{"start":{"line":165,"column":6},"end":{"line":169,"column":9}},"82":{"start":{"line":173,"column":25},"end":{"line":220,"column":3}},"83":{"start":{"line":174,"column":4},"end":{"line":182,"column":5}},"84":{"start":{"line":175,"column":6},"end":{"line":175,"column":59}},"85":{"start":{"line":176,"column":6},"end":{"line":180,"column":9}},"86":{"start":{"line":181,"column":6},"end":{"line":181,"column":13}},"87":{"start":{"line":184,"column":4},"end":{"line":184,"column":65}},"88":{"start":{"line":187,"column":17},"end":{"line":187,"column":44}},"89":{"start":{"line":188,"column":4},"end":{"line":188,"column":31}},"90":{"start":{"line":189,"column":4},"end":{"line":189,"column":50}},"91":{"start":{"line":190,"column":4},"end":{"line":190,"column":27}},"92":{"start":{"line":193,"column":4},"end":{"line":200,"column":6}},"93":{"start":{"line":194,"column":6},"end":{"line":194,"column":43}},"94":{"start":{"line":195,"column":6},"end":{"line":199,"column":9}},"95":{"start":{"line":203,"column":4},"end":{"line":219,"column":5}},"96":{"start":{"line":204,"column":6},"end":{"line":204,"column":38}},"97":{"start":{"line":205,"column":6},"end":{"line":205,"column":19}},"98":{"start":{"line":206,"column":6},"end":{"line":206,"column":38}},"99":{"start":{"line":208,"column":6},"end":{"line":211,"column":9}},"100":{"start":{"line":213,"column":6},"end":{"line":213,"column":46}},"101":{"start":{"line":214,"column":6},"end":{"line":218,"column":9}},"102":{"start":{"line":222,"column":25},"end":{"line":222,"column":38}},"103":{"start":{"line":223,"column":28},"end":{"line":223,"column":59}},"104":{"start":{"line":225,"column":2},"end":{"line":331,"column":4}},"105":{"start":{"line":239,"column":29},"end":{"line":239,"column":54}}},"fnMap":{"0":{"name":"VoiceoverGenerator","decl":{"start":{"line":12,"column":24},"end":{"line":12,"column":42}},"loc":{"start":{"line":12,"column":42},"end":{"line":332,"column":1}}},"1":{"name":"(anonymous_1)","decl":{"start":{"line":20,"column":16},"end":{"line":20,"column":21}},"loc":{"start":{"line":20,"column":27},"end":{"line":39,"column":5}}},"2":{"name":"(anonymous_2)","decl":{"start":{"line":40,"column":15},"end":{"line":40,"column":16}},"loc":{"start":{"line":40,"column":24},"end":{"line":47,"column":5}}},"3":{"name":"(anonymous_3)","decl":{"start":{"line":48,"column":13},"end":{"line":48,"column":14}},"loc":{"start":{"line":48,"column":23},"end":{"line":69,"column":5}}},"4":{"name":"(anonymous_4)","decl":{"start":{"line":57,"column":19},"end":{"line":57,"column":22}},"loc":{"start":{"line":57,"column":24},"end":{"line":59,"column":9}}},"5":{"name":"(anonymous_5)","decl":{"start":{"line":72,"column":25},"end":{"line":72,"column":28}},"loc":{"start":{"line":72,"column":30},"end":{"line":93,"column":3}}},"6":{"name":"(anonymous_6)","decl":{"start":{"line":95,"column":21},"end":{"line":95,"column":24}},"loc":{"start":{"line":95,"column":26},"end":{"line":171,"column":3}}},"7":{"name":"(anonymous_7)","decl":{"start":{"line":112,"column":24},"end":{"line":112,"column":27}},"loc":{"start":{"line":112,"column":29},"end":{"line":114,"column":5}}},"8":{"name":"(anonymous_8)","decl":{"start":{"line":116,"column":22},"end":{"line":116,"column":25}},"loc":{"start":{"line":116,"column":27},"end":{"line":118,"column":5}}},"9":{"name":"(anonymous_9)","decl":{"start":{"line":120,"column":29},"end":{"line":120,"column":32}},"loc":{"start":{"line":120,"column":34},"end":{"line":122,"column":5}}},"10":{"name":"(anonymous_10)","decl":{"start":{"line":124,"column":20},"end":{"line":124,"column":23}},"loc":{"start":{"line":124,"column":25},"end":{"line":127,"column":5}}},"11":{"name":"(anonymous_11)","decl":{"start":{"line":129,"column":20},"end":{"line":129,"column":21}},"loc":{"start":{"line":129,"column":30},"end":{"line":143,"column":5}}},"12":{"name":"(anonymous_12)","decl":{"start":{"line":149,"column":22},"end":{"line":149,"column":25}},"loc":{"start":{"line":149,"column":27},"end":{"line":151,"column":5}}},"13":{"name":"(anonymous_13)","decl":{"start":{"line":151,"column":13},"end":{"line":151,"column":18}},"loc":{"start":{"line":151,"column":21},"end":{"line":170,"column":5}}},"14":{"name":"(anonymous_14)","decl":{"start":{"line":173,"column":25},"end":{"line":173,"column":28}},"loc":{"start":{"line":173,"column":30},"end":{"line":220,"column":3}}},"15":{"name":"(anonymous_15)","decl":{"start":{"line":193,"column":19},"end":{"line":193,"column":22}},"loc":{"start":{"line":193,"column":24},"end":{"line":200,"column":5}}},"16":{"name":"(anonymous_16)","decl":{"start":{"line":239,"column":22},"end":{"line":239,"column":23}},"loc":{"start":{"line":239,"column":29},"end":{"line":239,"column":54}}}},"branchMap":{"0":{"loc":{"start":{"line":30,"column":6},"end":{"line":34,"column":7}},"type":"if","locations":[{"start":{"line":30,"column":6},"end":{"line":34,"column":7}}]},"1":{"loc":{"start":{"line":45,"column":52},"end":{"line":45,"column":78}},"type":"binary-expr","locations":[{"start":{"line":45,"column":52},"end":{"line":45,"column":65}},{"start":{"line":45,"column":69},"end":{"line":45,"column":78}}]},"2":{"loc":{"start":{"line":51,"column":6},"end":{"line":61,"column":7}},"type":"if","locations":[{"start":{"line":51,"column":6},"end":{"line":61,"column":7}}]},"3":{"loc":{"start":{"line":51,"column":10},"end":{"line":51,"column":54}},"type":"binary-expr","locations":[{"start":{"line":51,"column":10},"end":{"line":51,"column":15}},{"start":{"line":51,"column":19},"end":{"line":51,"column":54}}]},"4":{"loc":{"start":{"line":63,"column":27},"end":{"line":63,"column":92}},"type":"cond-expr","locations":[{"start":{"line":63,"column":52},"end":{"line":63,"column":65}},{"start":{"line":63,"column":68},"end":{"line":63,"column":92}}]},"5":{"loc":{"start":{"line":73,"column":4},"end":{"line":80,"column":5}},"type":"if","locations":[{"start":{"line":73,"column":4},"end":{"line":80,"column":5}}]},"6":{"loc":{"start":{"line":82,"column":4},"end":{"line":89,"column":5}},"type":"if","locations":[{"start":{"line":82,"column":4},"end":{"line":89,"column":5}}]},"7":{"loc":{"start":{"line":96,"column":4},"end":{"line":104,"column":5}},"type":"if","locations":[{"start":{"line":96,"column":4},"end":{"line":104,"column":5}}]},"8":{"loc":{"start":{"line":157,"column":6},"end":{"line":163,"column":7}},"type":"if","locations":[{"start":{"line":157,"column":6},"end":{"line":163,"column":7}},{"start":{"line":159,"column":13},"end":{"line":163,"column":7}}]},"9":{"loc":{"start":{"line":159,"column":13},"end":{"line":163,"column":7}},"type":"if","locations":[{"start":{"line":159,"column":13},"end":{"line":163,"column":7}},{"start":{"line":161,"column":13},"end":{"line":163,"column":7}}]},"10":{"loc":{"start":{"line":161,"column":13},"end":{"line":163,"column":7}},"type":"if","locations":[{"start":{"line":161,"column":13},"end":{"line":163,"column":7}}]},"11":{"loc":{"start":{"line":174,"column":4},"end":{"line":182,"column":5}},"type":"if","locations":[{"start":{"line":174,"column":4},"end":{"line":182,"column":5}}]},"12":{"loc":{"start":{"line":268,"column":20},"end":{"line":268,"column":73}},"type":"binary-expr","locations":[{"start":{"line":268,"column":20},"end":{"line":268,"column":55}},{"start":{"line":268,"column":59},"end":{"line":268,"column":73}}]},"13":{"loc":{"start":{"line":271,"column":11},"end":{"line":280,"column":null}},"type":"cond-expr","locations":[{"start":{"line":272,"column":12},"end":{"line":274,"column":null}},{"start":{"line":277,"column":12},"end":{"line":279,"column":null}}]},"14":{"loc":{"start":{"line":285,"column":9},"end":{"line":294,"column":null}},"type":"binary-expr","locations":[{"start":{"line":285,"column":9},"end":{"line":285,"column":42}},{"start":{"line":286,"column":10},"end":{"line":293,"column":null}}]},"15":{"loc":{"start":{"line":297,"column":9},"end":{"line":327,"column":null}},"type":"binary-expr","locations":[{"start":{"line":297,"column":9},"end":{"line":297,"column":23}},{"start":{"line":298,"column":10},"end":{"line":326,"column":null}}]},"16":{"loc":{"start":{"line":310,"column":19},"end":{"line":310,"column":52}},"type":"cond-expr","locations":[{"start":{"line":310,"column":31},"end":{"line":310,"column":43}},{"start":{"line":310,"column":46},"end":{"line":310,"colu
[...]
ine":256,"column":6},"end":{"line":257,"column":null}}},"12":{"name":"(anonymous_12)","decl":{"start":{"line":295,"column":28},"end":{"line":295,"column":29}},"loc":{"start":{"line":295,"column":35},"end":{"line":295,"column":64}}},"13":{"name":"(anonymous_13)","decl":{"start":{"line":307,"column":46},"end":{"line":307,"column":47}},"loc":{"start":{"line":308,"column":24},"end":{"line":308,"column":54}}},"14":{"name":"(anonymous_14)","decl":{"start":{"line":323,"column":36},"end":{"line":323,"column":37}},"loc":{"start":{"line":324,"column":14},"end":{"line":324,"column":45}}},"15":{"name":"(anonymous_15)","decl":{"start":{"line":332,"column":37},"end":{"line":332,"column":38}},"loc":{"start":{"line":333,"column":16},"end":{"line":333,"column":40}}},"16":{"name":"(anonymous_16)","decl":{"start":{"line":371,"column":33},"end":{"line":371,"column":36}},"loc":{"start":{"line":371,"column":39},"end":{"line":371,"column":69}}},"17":{"name":"(anonymous_17)","decl":{"start":{"line":384,"column":33},"end":{"line":384,"column":36}},"loc":{"start":{"line":384,"column":39},"end":{"line":384,"column":73}}},"18":{"name":"(anonymous_18)","decl":{"start":{"line":429,"column":27},"end":{"line":429,"column":30}},"loc":{"start":{"line":429,"column":33},"end":{"line":429,"column":62}}},"19":{"name":"(anonymous_19)","decl":{"start":{"line":463,"column":27},"end":{"line":463,"column":30}},"loc":{"start":{"line":463,"column":33},"end":{"line":463,"column":65}}},"20":{"name":"(anonymous_20)","decl":{"start":{"line":497,"column":27},"end":{"line":497,"column":30}},"loc":{"start":{"line":497,"column":33},"end":{"line":497,"column":62}}}},"branchMap":{"0":{"loc":{"start":{"line":55,"column":6},"end":{"line":63,"column":7}},"type":"if","locations":[{"start":{"line":55,"column":6},"end":{"line":63,"column":7}},{"start":{"line":57,"column":13},"end":{"line":63,"column":7}}]},"1":{"loc":{"start":{"line":60,"column":23},"end":{"line":60,"column":66}},"type":"binary-expr","locations":[{"start":{"line":60,"column":23},"end":{"line":60,"column":35}},{"start":{"line":60,"column":39},"end":{"line":60,"column":66}}]},"2":{"loc":{"start":{"line":82,"column":6},"end":{"line":95,"column":7}},"type":"if","locations":[{"start":{"line":82,"column":6},"end":{"line":95,"column":7}},{"start":{"line":89,"column":13},"end":{"line":95,"column":7}}]},"3":{"loc":{"start":{"line":92,"column":23},"end":{"line":92,"column":63}},"type":"binary-expr","locations":[{"start":{"line":92,"column":23},"end":{"line":92,"column":35}},{"start":{"line":92,"column":39},"end":{"line":92,"column":63}}]},"4":{"loc":{"start":{"line":114,"column":6},"end":{"line":151,"column":7}},"type":"if","locations":[{"start":{"line":114,"column":6},"end":{"line":151,"column":7}},{"start":{"line":145,"column":13},"end":{"line":151,"column":7}}]},"5":{"loc":{"start":{"line":118,"column":8},"end":{"line":144,"column":9}},"type":"if","locations":[{"start":{"line":118,"column":8},"end":{"line":144,"column":9}}]},"6":{"loc":{"start":{"line":148,"column":23},"end":{"line":148,"column":67}},"type":"binary-expr","locations":[{"start":{"line":148,"column":23},"end":{"line":148,"column":35}},{"start":{"line":148,"column":39},"end":{"line":148,"column":67}}]},"7":{"loc":{"start":{"line":235,"column":26},"end":{"line":236,"column":94}},"type":"binary-expr","locations":[{"start":{"line":235,"column":26},"end":{"line":235,"column":89}},{"start":{"line":236,"column":25},"end":{"line":236,"column":94}}]},"8":{"loc":{"start":{"line":237,"column":28},"end":{"line":237,"column":96}},"type":"binary-expr","locations":[{"start":{"line":237,"column":28},"end":{"line":237,"column":54}},{"start":{"line":237,"column":58},"end":{"line":237,"column":96}}]},"9":{"loc":{"start":{"line":238,"column":11},"end":{"line":238,"column":43}},"type":"binary-expr","locations":[{"start":{"line":238,"column":11},"end":{"line":238,"column":24}},{"start":{"line":238,"column":28},"end":{"line":238,"column":43}}]},"10":{"loc":{"start":{"line":242,"column":4},"end":{"line":251,"column":5}},"type":"switch","locations":[{"start":{"line":243,"column":6},"end":{"line":244,"column":45}},{"start":{"line":245,"column":6},"end":{"line":246,"column":45}},{"start":{"line":247,"column":6},"end":{"line":248,"column":48}},{"start":{"line":249,"column":6},"end":{"line":250,"column":46}}]},"11":{"loc":{"start":{"line":258,"column":30},"end":{"line":258,"column":106}},"type":"cond-expr","locations":[{"start":{"line":258,"column":55},"end":{"line":258,"column":88}},{"start":{"line":258,"column":91},"end":{"line":258,"column":106}}]},"12":{"loc":{"start":{"line":263,"column":2},"end":{"line":272,"column":3}},"type":"if","locations":[{"start":{"line":263,"column":2},"end":{"line":272,"column":3}}]},"13":{"loc":{"start":{"line":374,"column":25},"end":{"line":377,"column":null}},"type":"cond-expr","locations":[{"start":{"line":375,"column":26},"end":{"line":375,"column":75}},{"start":{"line":377,"column":26},"end":{"line":377,"column":63}}]},"14":{"loc":{"start":{"line":379,"column":25},"end":{"line":379,"column":87}},"type":"cond-expr","locations":[{"start":{"line":379,"column":54},"end":{"line":379,"column":70}},{"start":{"line":379,"column":73},"end":{"line":379,"column":87}}]},"15":{"loc":{"start":{"line":387,"column":25},"end":{"line":390,"column":null}},"type":"cond-expr","locations":[{"start":{"line":388,"column":26},"end":{"line":388,"column":75}},{"start":{"line":390,"column":26},"end":{"line":390,"column":35}}]},"16":{"loc":{"start":{"line":399,"column":13},"end":{"line":404,"column":null}},"type":"binary-expr","locations":[{"start":{"line":399,"column":13},"end":{"line":399,"column":43}},{"start":{"line":400,"column":14},"end":{"line":403,"column":null}}]},"17":{"loc":{"start":{"line":432,"column":19},"end":{"line":441,"column":null}},"type":"cond-expr","locations":[{"start":{"line":433,"column":20},"end":{"line":434,"column":null}},{"start":{"line":438,"column":20},"end":{"line":439,"column":null}}]},"18":{"loc":{"start":{"line":466,"column":19},"end":{"line":475,"column":null}},"type":"cond-expr","locations":[{"start":{"line":467,"column":20},"end":{"line":468,"column":null}},{"start":{"line":472,"column":20},"end":{"line":473,"column":null}}]},"19":{"loc":{"start":{"line":500,"column":19},"end":{"line":509,"column":null}},"type":"cond-expr","locations":[{"start":{"line":501,"column":20},"end":{"line":502,"column":null}},{"start":{"line":506,"column":20},"end":{"line":507,"column":null}}]}},"s":{"0":0,"1":0,"2":0,"3":0,"4":0,"5":0,"6":0,"7":0,"8":0,"9":0,"10":0,"11":0,"12":0,"13":0,"14":0,"15":0,"16":0,"17":0,"18":0,"19":0,"20":0,"21":0,"22":0,"23":0,"24":0,"25":0,"26":0,"27":0,"28":0,"29":0,"30":0,"31":0,"32":0,"33":0,"34":0,"35":0,"36":0,"37":0,"38":0,"39":0,"40":0,"41":0,"42":0,"43":0,"44":0,"45":0,"46":0,"47":0,"48":0,"49":0,"50":0,"51":0,"52":0,"53":0,"54":0,"55":0,"56":0,"57":0,"58":0,"59":0,"60":0,"61":0,"62":0,"63":0,"64":0,"65":0,"66":0,"67":0,"68":0,"69":0,"70":0,"71":0,"72":0,"73":0,"74":0,"75":0,"76":0,"77":0,"78":0,"79":0,"80":0,"81":0,"82":0,"83":0,"84":0,"85":0,"86":0,"87":0,"88":0,"89":0,"90":0,"91":0,"92":0,"93":0,"94":0,"95":0,"96":0,"97":0,"98":0,"99":0,"100":0,"101":0,"102":0,"103":0,"104":0,"105":0},"f":{"0":0,"1":0,"2":0,"3":0,"4":0,"5":0,"6":0,"7":0,"8":0,"9":0,"10":0,"11":0,"12":0,"13":0,"14":0,"15":0,"16":0,"17":0,"18":0,"19":0,"20":0},"b":{"0":[0,0],"1":[0,0],"2":[0,0],"3":[0,0],"4":[0,0],"5":[0],"6":[0,0],"7":[0,0],"8":[0,0],"9":[0,0],"10":[0,0,0,0],"11":[0,0],"12":[0],"13":[0,0],"14":[0,0],"15":[0,0],"16":[0,0],"17":[0,0],"18":[0,0],"19":[0,0]}}
,"C:\\Users\\HP\\Desktop\\CreatorApp\\CreatorNexus\\CreatorNexus\\client\\src\\pages\\websocket-test.tsx": {"path":"C:\\Users\\HP\\Desktop\\CreatorApp\\CreatorNexus\\CreatorNexus\\client\\src\\pages\\websocket-test.tsx","statementMap":{"0":{"start":{"line":8,"column":0},"end":{"line":8,"column":24}},"1":{"start":{"line":1,"column":0},"end":{"line":1,"column":33}},"2":{"start":{"line":2,"column":0},"end":{"line":2,"column":80}},"3":{"start":{"line":3,"column":0},"end":{"line":3,"column":48}},"4":{"start":{"line":4,"column":0},"end":{"line":4,"column":46}},"5":{"start":{"line":5,"column":0},"end":{"line":5,"column":52}},"6":{"start":{"line":6,"column":0},"end":{"line":6,"column":80}},"7":{"start":{"line":9,"column":34},"end":{"line":9,"column":53}},"8":{"start":{"line":10,"column":48},"end":{"line":10,"column":77}},"9":{"start":{"line":19,"column":6},"end":{"line":51,"column":4}},"10":{"start":{"line":21,"column":6},"end":{"line":21,"column":90}},"11":{"start":{"line":21,"column":26},"end":{"line":21,"column":88}},"12":{"start":{"line":23,"column":6},"end":{"line":27,"column":7}},"13":{"start":{"line":24,"column":8},"end":{"line":24,"column":45}},"14":{"start":{"line":25,"column":13},"end":{"line":27,"column":7}},"15":{"start":{"line":26,"column":8},"end":{"line":26,"column":33}},"16":{"start":{"line":30,"column":6},"end":{"line":34,"column":10}},"17":{"start":{"line":30,"column":26},"end":{"line":34,"column":8}},"18":{"start":{"line":37,"column":6},"end":{"line":41,"column":10}},"19":{"start":{"line":37,"column":26},"end":{"line":41,"column":8}},"20":{"start":{"line":42,"column":6},"end":{"line":42,"column":31}},"21":{"start":{"line":45,"column":6},"end":{"line":49,"column":10}},"22":{"start":{"line":45,"column":26},"end":{"line":49,"column":8}},"23":{"start":{"line":53,"column":38},"end":{"line":67,"column":3}},"24":{"start":{"line":54,"column":20},"end":{"line":58,"column":6}},"25":{"start":{"line":60,"column":4},"end":{"line":66,"column":5}},"26":{"start":{"line":61,"column":6},"end":{"line":65,"column":10}},"27":{"start":{"line":61,"column":26},"end":{"line":65,"column":8}},"28":{"start":{"line":69,"column":37},"end":{"line":81,"column":3}},"29":{"start":{"line":70,"column":20},"end":{"line":72,"column":6}},"30":{"start":{"line":74,"column":4},"end":{"line":80,"column":5}},"31":{"start":{"line":75,"column":6},"end":{"line":79,"column":10}},"32":{"start":{"line":75,"column":26},"end":{"line":79,"column":8}},"33":{"start":{"line":83,"column":37},"end":{"line":96,"column":3}},"34":{"start":{"line":84,"column":20},"end":{"line":87,"column":6}},"35":{"start":{"line":89,"column":4},"end":{"line":95,"column":5}},"36":{"start":{"line":90,"column":6},"end":{"line":94,"column":10}},"37":{"start":{"line":90,"column":26},"end":{"line":94,"column":8}},"38":{"start":{"line":98,"column":27},"end":{"line":107,"column":3}},"39":{"start":{"line":99,"column":4},"end":{"line":106,"column":5}},"40":{"start":{"line":100,"column":6},"end":{"line":100,"column":34}},"41":{"start":{"line":101,"column":6},"end":{"line":105,"column":10}},"42":{"start":{"line":101,"column":26},"end":{"line":105,"column":8}},"43":{"start":{"line":109,"column":30},"end":{"line":114,"column":3}},"44":{"start":{"line":110,"column":4},"end":{"line":113,"column":7}},"45":{"start":{"line":116,"column":24},"end":{"line":118,"column":3}},"46":{"start":{"line":117,"column":4},"end":{"line":117,"column":20}},"47":{"start":{"line":120,"column":2},"end":{"line":284,"column":4}},"48":{"start":{"line":252,"column":16},"end":{"line":253,"column":null}}},"fnMap":{"0":{"name":"WebSocketTest","decl":{"start":{"line":8,"column":24},"end":{"line":8,"column":37}},"loc":{"start":{"line":8,"column":37},"end":{"line":285,"column":1}}},"1":{"name":"(anonymous_1)","decl":{"start":{"line":20,"column":15},"end":{"line":20,"column":16}},"loc":{"start":{"line":20,"column":27},"end":{"line":28,"column":5}}},"2":{"name":"(anonymous_2)","decl":{"start":{"line":21,"column":18},"end":{"line":21,"column":22}},"loc":{"start":{"line":21,"column":26},"end":{"line":21,"column":88}}},"3":{"name":"(anonymous_3)","decl":{"start":{"line":29,"column":15},"end":{"line":29,"column":18}},"loc":{"start":{"line":29,"column":20},"end":{"line":35,"column":5}}},"4":{"name":"(anonymous_4)","decl":{"start":{"line":30,"column":18},"end":{"line":30,"column":22}},"loc":{"start":{"line":30,"column":26},"end":{"line":34,"column":8}}},"5":{"name":"(anonymous_5)","decl":{"start":{"line":36,"column":18},"end":{"line":36,"column":21}},"loc":{"start":{"line":36,"column":23},"end":{"line":43,"column":5}}},"6":{"name":"(anonymous_6)","decl":{"start":{"line":37,"column":18},"end":{"line":37,"column":22}},"loc":{"start":{"line":37,"column":26},"end":{"line":41,"column":8}}},"7":{"name":"(anonymous_7)","decl":{"start":{"line":44,"column":13},"end":{"line":44,"column":14}},"loc":{"start":{"line":44,"column":23},"end":{"line":50,"column":5}}},"8":{"name":"(anonymous_8)","decl":{"start":{"line":45,"column":18},"end":{"line":45,"column":22}},"loc":{"start":{"line":45,"column":26},"end":{"line":49,"column":8}}},"9":{"name":"(anonymous_9)","decl":{"start":{"line":53,"column":38},"end":{"line":53,"column":41}},"loc":{"start":{"line":53,"column":43},"end":{"line":67,"column":3}}},"10":{"name":"(anonymous_10)","decl":{"start":{"line":61,"column":18},"end":{"line":61,"column":22}},"loc":{"start":{"line":61,"column":26},"end":{"line":65,"column":8}}},"11":{"name":"(anonymous_11)","decl":{"start":{"line":69,"column":37},"end":{"line":69,"column":40}},"loc":{"start":{"line":69,"column":42},"end":{"line":81,"column":3}}},"12":{"name":"(anonymous_12)","decl":{"start":{"line":75,"column":18},"end":{"line":75,"column":22}},"loc":{"start":{"line":75,"column":26},"end":{"line":79,"column":8}}},"13":{"name":"(anonymous_13)","decl":{"start":{"line":83,"column":37},"end":{"line":83,"column":40}},"loc":{"start":{"line":83,"column":42},"end":{"line":96,"column":3}}},"14":{"name":"(anonymous_14)","decl":{"start":{"line":90,"column":18},"end":{"line":90,"column":22}},"loc":{"start":{"line":90,"column":26},"end":{"line":94,"column":8}}},"15":{"name":"(anonymous_15)","decl":{"start":{"line":98,"column":27},"end":{"line":98,"column":30}},"loc":{"start":{"line":98,"column":32},"end":{"line":107,"column":3}}},"16":{"name":"(anonymous_16)","decl":{"start":{"line":101,"column":18},"end":{"line":101,"column":22}},"loc":{"start":{"line":101,"column":26},"end":{"line":105,"column":8}}},"17":{"name":"(anonymous_17)","decl":{"start":{"line":109,"column":30},"end":{"line":109,"column":33}},"loc":{"start":{"line":109,"column":35},"end":{"line":114,"column":3}}},"18":{"name":"(anonymous_18)","decl":{"start":{"line":116,"column":24},"end":{"line":116,"column":27}},"loc":{"start":{"line":116,"column":29},"end":{"line":118,"column":3}}},"19":{"name":"(anonymous_19)","decl":{"start":{"line":251,"column":27},"end":{"line":251,"column":28}},"loc":{"start":{"line":252,"column":16},"end":{"line":253,"column":null}}}},"branchMap":{"0":{"loc":{"start":{"line":23,"column":6},"end":{"line":27,"column":7}},"type":"if","locations":[{"start":{"line":23,"column":6},"end":{"line":27,"column":7}},{"start":{"line":25,"column":13},"end":{"line":27,"column":7}}]},"1":{"loc":{"start":{"line":25,"column":13},"end":{"line":27,"column":7}},"type":"if","locations":[{"start":{"line":25,"column":13},"end":{"line":27,"column":7}}]},"2":{"loc":{"start":{"line":25,"column":17},"end":{"line":25,"column":78}},"type":"binary-expr","locations":[{"start":{"line":25,"column":17},"end":{"line":25,"column":50}},{"start":{"line":25,"column":54},"end":{"line":25,"column":78}}]},"3":{"loc":{"start":{"line":60,"column":4},"end":{"line":66,"column":5}},"type":"if","locations":[{"start":{"line":60,"column":4},"end":{"line":66,"column":5}}]},"4":{"loc":{"start":{"line":74,"column":4},"end":{"line":80,"column":5}},"type":"if","locations":[{"start":{"line":74,"column":4},"end":{"line":80,"column":5}}]},"5":{"loc":{"start":{"line":89,"column":4},"end":{"line":95,"column":5}},"type":"if","locations":[{"start":{"line":89,"column":4},"end":{"line":95,"column":5}}]},"6":{"loc":{"start":{"line":99,"column":4},"end":{"line":106,"column":5}},"type":"if","locations":[{"start":{"line":99,"column":4},"end":{"line":106,"column":5}}]},"7":{"loc":{"start":{"line":126,"column":21},"end":{"line":126,"column":58}},"type":"cond-expr","locations":[{"start":{"line":126,"column":35},"end":{"line":126,"column":44}},{"start":{"line":126,"column":47},"end":{"line":126,"column":58}}]},"8":{"loc":{"start":{"line":127,"column":23},"end":{"line":127,"column":96}},"type":"cond-expr","locations":[{"start":{"line":127,"column":37},"end":{"line":127,"column":66}},{"start":{"line":127,"column":69},"end":{"line":127,"column":96}}]},"9":{"loc":{"start":{"line":129,"column":13},"end":{"line":143,"column":null}},"type":"cond-expr","locations":[{"start":{"line":130,"column":14},"end":{"line":131,"column":null}},{"start":{"line":134,"column":16},"end":{"line":143,"column":null}}]},"10":{"loc":{"start":{"line":134,"column":16},"end":{"line":143,"column":null}},"type":"cond-expr","locations":[{"start":{"line":135,"column":14},"end":{"line":136,"column":null}},{"start":{"line":140,"column":14},"end":{"line":141,"column":null}}]},"11":{"loc":{"start":{"line":159,"column":17},"end":{"line":159,"column":92}},"type":"cond-expr","locations":[{"start":{"line":159,"column":31},"end":{"line":159,"column":42}},{"start":{"line":159,"column":45},"end":{"line":159,"column":92}}]},"12":{"loc":{"start":{"line":159,"column":45},"end":{"line":159,"column":92}},"type":"cond-expr","locations":[{"start":{"line":159,"column":60},"end":{"line":159,"column":75}},{"start":{"line":159,"column":78},"end":{"line":159,"column":92}}]},"13":{"loc":{"start":{"line":165,"column":17},"end":{"line":165,"column":59}},"type":"cond-expr","locations":[{"start":{"line":165,"column":35},"end":{"line":165,"column":50}},{"start":{"line":165,"column":53},"end":{"line":165,"column":59}}]},"14":{"loc":{"start":{"line":171,"column":17},"end":{"line":171,"column":34}},"type":"binary-expr","locations":[{"start":{"line":171,"column":17},"end":{"line":171,"column":24}},{"start":{"line":171,"column":28},"end":{"line":171,"column":34}}]},"15":{"loc":{"start":{"line":187,"column":24},"end":{"line":187,"column":57}},"type":"binary-expr","locations":[{"start":{"line":187,"column":24},"end":{"line":187,"column":36}},{"start":{"line":187,"column":40},"end":{"line":187,"column":57}}]},"16":{"loc":{"start":{"line":196,"column":24},"end":{"line":196,"column":57}},"type":"binary-expr","locations":[{"start":{"line":196,"column":24},"end":{"line":196,"column":36}},{"start":{"line":196,"column":40},"end":{"line":196,"column":57}}]},"17":{"loc":{"start":{"line":205,"column":24},"end":{"line":205,"column":57}},"type":"binary-expr","locations":[{"start":{"line":205,"column":24},"end":{"line":205,"column":36}},{"start":{"line":205,"column":40},"end":{"line":205,"column":57}}]},"18":{"loc":{"start":{"line":248,"column":13},"end":{"line":278,"column":null}},"type":"cond-expr","locations":[{"start":{"line":249,"column":14},"end":{"line":249,"column":79}},{"start":{"line":251,"column":14},"end":{"line":278,"column":16}}]},"19":{"loc":{"start":{"line":255,"column":20},"end":{"line":259,"column":null}},"type":"cond-expr","locations":[{"start":{"line":256,"column":24},"end":{"line":256,"column":50}},{"start":{"line":257,"column":24},"end":{"line":259,"column":null}}]},"20":{"loc":{"start":{"line":257,"column":24},"end":{"line":259,"column":null}},"type":"cond-expr","locations":[{"start":{"line":258,"column":24},"end":{"line":258,"column":52}},{"start":{"line":259,"column":24},"end":{"line":259,"column":null}}]}},"s":{"0":0,"1":0,"2":0,"3":0,"4":0,"5":0,"6":0,"7":0,"8":0,"9":0,"10":0,"11":0,"12":0,"13":0,"14":0,"15":0,"16":0,"17":0,"18":0,"19":0,"20":0,"21":0,"22":0,"23":0,"24":0,"25":0,"26":0,"27":0,"28":0,"29":0,"30":0,"31":0,"32":0,"33":0,"34":0,"35":0,"36":0,"37":0,"38":0,"39":0,"40":0,"41":0,"42":0,"43":0,"44":0,"45":0,"46":0,"47":0,"48":0},"f":{"0":0,"1":0,"2":0,"3":0,"4":0,"5":0,"6":0,"7":0,"8":0,"9":0,"10":0,"11":0,"12":0,"13":0,"14":0,"15":0,"16":0,"17":0,"18":0,"19":0},"b":{"0":[0,0],"1":[0],"2":[0,0],"3":[0],"4":[0],"5":[0],"6":[0],"7":[0,0],"8":[0,0],"9":[0,0],"10":[0,0],"11":[0,0],"12":[0,0],"13":[0,0],"14":[0,0],"15":[0,0],"16":[0,0],"17":[0,0],"18":[0,0],"19":[0,0],"20":[0,0]}}
}
