TN:
SF:client\src\components\ui\button.tsx
FN:43,(anonymous_6)
FNF:1
FNH:1
FNDA:1,(anonymous_6)
DA:1,1
DA:2,1
DA:3,1
DA:5,1
DA:7,1
DA:42,1
DA:44,1
DA:45,1
DA:54,1
DA:56,1
LF:10
LH:10
BRDA:43,0,0,1
BRDA:44,1,0,0
BRDA:44,1,1,1
BRF:3
BRH:2
end_of_record
TN:
SF:client\src\hooks\useAuth.ts
FN:12,useAuth
FN:18,(anonymous_1)
FN:87,(anonymous_2)
FN:94,(anonymous_3)
FN:103,(anonymous_4)
FN:110,(anonymous_5)
FN:117,(anonymous_6)
FN:149,(anonymous_7)
FNF:8
FNH:7
FNDA:13,useAuth
FNDA:5,(anonymous_1)
FNDA:5,(anonymous_2)
FNDA:0,(anonymous_3)
FNDA:5,(anonymous_4)
FNDA:1,(anonymous_5)
FNDA:1,(anonymous_6)
FNDA:1,(anonymous_7)
DA:1,1
DA:2,1
DA:12,1
DA:13,13
DA:14,13
DA:15,13
DA:16,13
DA:18,13
DA:19,5
DA:20,5
DA:23,5
DA:24,5
DA:25,5
DA:28,5
DA:36,5
DA:38,5
DA:39,4
DA:40,4
DA:41,4
DA:42,4
DA:43,1
DA:44,1
DA:47,1
DA:48,0
DA:49,0
DA:52,0
DA:53,0
DA:54,0
DA:55,0
DA:57,0
DA:58,0
DA:59,0
DA:62,0
DA:63,0
DA:64,0
DA:67,1
DA:68,1
DA:69,1
DA:70,1
DA:73,0
DA:74,0
DA:75,0
DA:78,0
DA:79,0
DA:80,0
DA:82,5
DA:83,5
DA:87,13
DA:88,5
DA:91,5
DA:94,5
DA:95,0
DA:96,0
DA:99,5
DA:101,5
DA:103,5
DA:104,5
DA:105,5
DA:110,13
DA:111,1
DA:112,1
DA:113,1
DA:117,13
DA:118,1
DA:120,1
DA:125,1
DA:126,0
DA:129,0
DA:133,1
DA:134,1
DA:137,1
DA:138,1
DA:139,1
DA:142,1
DA:145,1
DA:149,13
DA:150,1
DA:151,1
DA:153,1
DA:154,1
DA:155,1
DA:158,13
LF:82
LH:60
BRDA:38,0,0,4
BRDA:38,0,1,1
BRDA:43,1,0,1
BRDA:43,1,1,0
BRDA:47,2,0,0
BRDA:47,2,1,1
BRDA:47,3,0,1
BRDA:47,3,1,0
BRDA:52,4,0,0
BRDA:52,4,1,0
BRDA:52,5,0,0
BRDA:52,5,1,0
BRDA:111,6,0,1
BRDA:125,7,0,0
BRF:14
BRH:6
end_of_record
TN:
SF:client\src\hooks\useWebSocket.ts
FN:26,useWebSocket
FN:53,(anonymous_1)
FN:135,(anonymous_2)
FN:148,(anonymous_3)
FN:179,(anonymous_4)
FN:196,(anonymous_5)
FN:199,(anonymous_6)
FN:210,(anonymous_7)
FN:220,(anonymous_8)
FN:223,(anonymous_9)
FN:233,(anonymous_10)
FN:239,(anonymous_11)
FN:245,(anonymous_12)
FN:253,(anonymous_13)
FN:257,(anonymous_14)
FN:269,(anonymous_15)
FN:279,(anonymous_16)
FN:281,(anonymous_17)
FN:294,(anonymous_18)
FN:301,(anonymous_19)
FN:312,(anonymous_20)
FN:322,(anonymous_21)
FN:333,(anonymous_22)
FN:343,(anonymous_23)
FN:352,(anonymous_24)
FN:360,(anonymous_25)
FN:366,(anonymous_26)
FN:383,(anonymous_27)
FN:384,(anonymous_28)
FN:390,(anonymous_29)
FN:393,(anonymous_30)
FN:397,(anonymous_31)
FNF:32
FNH:0
FNDA:0,useWebSocket
FNDA:0,(anonymous_1)
FNDA:0,(anonymous_2)
FNDA:0,(anonymous_3)
FNDA:0,(anonymous_4)
FNDA:0,(anonymous_5)
FNDA:0,(anonymous_6)
FNDA:0,(anonymous_7)
FNDA:0,(anonymous_8)
FNDA:0,(anonymous_9)
FNDA:0,(anonymous_10)
FNDA:0,(anonymous_11)
FNDA:0,(anonymous_12)
FNDA:0,(anonymous_13)
FNDA:0,(anonymous_14)
FNDA:0,(anonymous_15)
FNDA:0,(anonymous_16)
FNDA:0,(anonymous_17)
FNDA:0,(anonymous_18)
FNDA:0,(anonymous_19)
FNDA:0,(anonymous_20)
FNDA:0,(anonymous_21)
FNDA:0,(anonymous_22)
FNDA:0,(anonymous_23)
FNDA:0,(anonymous_24)
FNDA:0,(anonymous_25)
FNDA:0,(anonymous_26)
FNDA:0,(anonymous_27)
FNDA:0,(anonymous_28)
FNDA:0,(anonymous_29)
FNDA:0,(anonymous_30)
FNDA:0,(anonymous_31)
DA:1,0
DA:2,0
DA:26,0
DA:28,0
DA:38,0
DA:40,0
DA:41,0
DA:48,0
DA:49,0
DA:50,0
DA:53,0
DA:55,0
DA:56,0
DA:57,0
DA:58,0
DA:62,0
DA:63,0
DA:64,0
DA:65,0
DA:69,0
DA:70,0
DA:71,0
DA:74,0
DA:79,0
DA:81,0
DA:82,0
DA:85,0
DA:88,0
DA:89,0
DA:91,0
DA:102,0
DA:103,0
DA:105,0
DA:108,0
DA:109,0
DA:113,0
DA:114,0
DA:115,0
DA:118,0
DA:131,0
DA:135,0
DA:136,0
DA:137,0
DA:138,0
DA:142,0
DA:143,0
DA:144,0
DA:145,0
DA:148,0
DA:150,0
DA:151,0
DA:152,0
DA:153,0
DA:157,0
DA:158,0
DA:160,0
DA:164,0
DA:165,0
DA:167,0
DA:170,0
DA:174,0
DA:175,0
DA:176,0
DA:179,0
DA:180,0
DA:181,0
DA:182,0
DA:187,0
DA:188,0
DA:191,0
DA:192,0
DA:193,0
DA:194,0
DA:196,0
DA:197,0
DA:198,0
DA:199,0
DA:206,0
DA:207,0
DA:210,0
DA:211,0
DA:212,0
DA:213,0
DA:214,0
DA:216,0
DA:220,0
DA:221,0
DA:222,0
DA:223,0
DA:228,0
DA:231,0
DA:232,0
DA:233,0
DA:238,0
DA:239,0
DA:240,0
DA:242,0
DA:243,0
DA:244,0
DA:245,0
DA:249,0
DA:253,0
DA:254,0
DA:255,0
DA:256,0
DA:257,0
DA:258,0
DA:261,0
DA:262,0
DA:267,0
DA:268,0
DA:269,0
DA:274,0
DA:279,0
DA:280,0
DA:281,0
DA:287,0
DA:288,0
DA:289,0
DA:294,0
DA:295,0
DA:296,0
DA:301,0
DA:302,0
DA:303,0
DA:304,0
DA:307,0
DA:308,0
DA:309,0
DA:312,0
DA:318,0
DA:322,0
DA:323,0
DA:324,0
DA:325,0
DA:326,0
DA:328,0
DA:329,0
DA:333,0
DA:334,0
DA:335,0
DA:343,0
DA:344,0
DA:345,0
DA:352,0
DA:353,0
DA:360,0
DA:362,0
DA:363,0
DA:364,0
DA:366,0
DA:367,0
DA:369,0
DA:370,0
DA:371,0
DA:372,0
DA:383,0
DA:384,0
DA:385,0
DA:390,0
DA:391,0
DA:393,0
DA:394,0
DA:397,0
DA:400,0
LF:165
LH:0
BRDA:26,0,0,0
BRDA:31,1,0,0
BRDA:32,2,0,0
BRDA:33,3,0,0
BRDA:55,4,0,0
BRDA:55,5,0,0
BRDA:55,5,1,0
BRDA:55,5,2,0
BRDA:63,6,0,0
BRDA:69,7,0,0
BRDA:69,8,0,0
BRDA:69,8,1,0
BRDA:79,9,0,0
BRDA:79,9,1,0
BRDA:85,10,0,0
BRDA:85,10,1,0
BRDA:88,11,0,0
BRDA:88,11,1,0
BRDA:102,12,0,0
BRDA:102,12,1,0
BRDA:102,13,0,0
BRDA:102,13,1,0
BRDA:102,13,2,0
BRDA:102,13,3,0
BRDA:102,13,4,0
BRDA:113,14,0,0
BRDA:113,15,0,0
BRDA:113,15,1,0
BRDA:113,15,2,0
BRDA:136,16,0,0
BRDA:136,17,0,0
BRDA:136,17,1,0
BRDA:142,18,0,0
BRDA:142,19,0,0
BRDA:142,19,1,0
BRDA:142,19,2,0
BRDA:152,20,0,0
BRDA:157,21,0,0
BRDA:164,22,0,0
BRDA:164,22,1,0
BRDA:170,23,0,0
BRDA:170,23,1,0
BRDA:176,24,0,0
BRDA:176,24,1,0
BRDA:180,25,0,0
BRDA:180,26,0,0
BRDA:180,26,1,0
BRDA:187,27,0,0
BRDA:187,28,0,0
BRDA:187,28,1,0
BRDA:187,28,2,0
BRDA:231,29,0,0
BRDA:231,29,1,0
BRDA:231,30,0,0
BRDA:231,30,1,0
BRDA:242,31,0,0
BRDA:261,32,0,0
BRDA:268,33,0,0
BRDA:268,33,1,0
BRDA:287,34,0,0
BRDA:295,35,0,0
BRDA:295,36,0,0
BRDA:295,36,1,0
BRDA:302,37,0,0
BRDA:307,38,0,0
BRDA:323,39,0,0
BRDA:323,40,0,0
BRDA:323,40,1,0
BRDA:362,41,0,0
BRDA:362,41,1,0
BRDA:362,42,0,0
BRDA:362,42,1,0
BRDA:362,42,2,0
BRDA:362,42,3,0
BRDA:362,42,4,0
BRDA:367,43,0,0
BRDA:367,43,1,0
BRDA:367,44,0,0
BRDA:367,44,1,0
BRDA:371,45,0,0
BRDA:371,46,0,0
BRDA:371,46,1,0
BRDA:371,46,2,0
BRDA:391,47,0,0
BRF:84
BRH:0
end_of_record
TN:
SF:client\src\lib\queryClient.ts
FN:14,apiRequest
FN:20,(anonymous_1)
FN:75,(anonymous_2)
FNF:3
FNH:3
FNDA:6,apiRequest
FNDA:7,(anonymous_1)
FNDA:1,(anonymous_2)
DA:1,2
DA:3,2
DA:14,2
DA:20,6
DA:21,7
DA:24,7
DA:28,7
DA:29,6
DA:33,7
DA:40,7
DA:43,6
DA:46,6
DA:47,2
DA:49,2
DA:55,2
DA:57,1
DA:60,1
DA:64,1
DA:66,1
DA:67,1
DA:68,1
DA:69,1
DA:70,1
DA:74,5
DA:75,2
DA:76,2
DA:77,2
DA:78,2
DA:79,2
DA:82,3
LF:30
LH:30
BRDA:28,0,0,6
BRDA:28,1,0,7
BRDA:28,1,1,6
BRDA:36,2,0,1
BRDA:36,2,1,6
BRDA:36,3,0,1
BRDA:36,3,1,0
BRDA:46,4,0,2
BRDA:55,5,0,1
BRDA:55,5,1,1
BRDA:74,6,0,2
BRDA:76,7,0,2
BRDA:76,7,1,1
BRF:13
BRH:12
end_of_record
TN:
SF:client\src\lib\utils.ts
FN:4,cn
FN:9,getConsent
FN:11,(anonymous_2)
FN:29,reportClientPerfMetrics
FN:53,(anonymous_4)
FNF:5
FNH:4
FNDA:4,cn
FNDA:2,getConsent
FNDA:2,(anonymous_2)
FNDA:2,reportClientPerfMetrics
FNDA:0,(anonymous_4)
DA:1,3
DA:2,3
DA:4,3
DA:5,4
DA:10,2
DA:11,2
DA:12,2
DA:13,0
DA:14,0
DA:15,0
DA:21,0
DA:26,3
DA:27,3
DA:29,3
DA:30,2
DA:31,2
DA:32,2
DA:35,0
DA:36,0
DA:37,0
DA:38,0
DA:40,0
DA:42,0
DA:43,0
DA:44,0
DA:45,0
DA:46,0
DA:48,0
DA:54,0
DA:57,0
LF:30
LH:13
BRDA:12,0,0,2
BRDA:13,1,0,0
BRDA:13,1,1,0
BRDA:32,2,0,2
BRDA:32,3,0,2
BRDA:32,3,1,0
BRDA:36,4,0,0
BRDA:43,5,0,0
BRF:8
BRH:3
end_of_record
